#
# There is insufficient memory for the Java Runtime Environment to continue.
# Native memory allocation (mmap) failed to map 71303168 bytes. Error detail: G1 virtual space
# Possible reasons:
#   The system is out of physical RAM or swap space
#   This process is running with CompressedOops enabled, and the Java Heap may be blocking the growth of the native heap
# Possible solutions:
#   Reduce memory load on the system
#   Increase physical memory or swap space
#   Check if swap backing store is full
#   Decrease Java heap size (-Xmx/-Xms)
#   Decrease number of Java threads
#   Decrease Java thread stack sizes (-Xss)
#   Set larger code cache with -XX:ReservedCodeCacheSize=
#   JVM is running with Unscaled Compressed Oops mode in which the Java heap is
#     placed in the first 4GB address space. The Java Heap base address is the
#     maximum limit for the native heap growth. Please use -XX:HeapBaseMinAddress
#     to set the Java Heap base and to place the Java Heap above 4GB virtual address.
# This output file may be truncated or incomplete.
#
#  Out of Memory Error (os_windows.cpp:3631), pid=10716, tid=11100
#
# JRE version: OpenJDK Runtime Environment (22.0.1+8) (build 22.0.1+8-16)
# Java VM: OpenJDK 64-Bit Server VM (22.0.1+8-16, mixed mode, emulated-client, sharing, tiered, compressed oops, compressed class ptrs, g1 gc, windows-amd64)
# No core dump will be written. Minidumps are not enabled by default on client versions of Windows
#

---------------  S U M M A R Y ------------

Command Line: -XX:TieredStopAtLevel=1 -Dspring.output.ansi.enabled=always -Dcom.sun.management.jmxremote -Dspring.jmx.enabled=true -Dspring.liveBeansView.mbeanDomain -Dspring.application.admin.enabled=true -Dmanagement.endpoints.jmx.exposure.include=* -javaagent:C:\Users\mkoner\AppData\Local\Programs\IntelliJ IDEA Ultimate\lib\idea_rt.jar=51201:C:\Users\mkoner\AppData\Local\Programs\IntelliJ IDEA Ultimate\bin -Dfile.encoding=UTF-8 -Dsun.stdout.encoding=UTF-8 -Dsun.stderr.encoding=UTF-8 attendanceProject.ProjectEaApplication

Host: Intel(R) Core(TM) i5-1035G1 CPU @ 1.00GHz, 8 cores, 7G,  Windows 11 , 64 bit Build 22621 (10.0.22621.3527)
Time: Wed Jun 19 17:12:25 2024 Centre (heure d4 bit Build 22621 (10.0.22621.3527) elapsed time: 16.353623 seconds (0d 0h 0m 16s)

---------------  T H R E A D  ---------------

Current thread (0x0000027e2174caf0):  VMThread "VM Thread"          [id=11100, stack(0x0000008661300000,0x0000008661400000) (1024K)]

Stack: [0x0000008661300000,0x0000008661400000]
Native frames: (J=compiled Java code, j=interpreted, Vv=VM code, C=native code)
V  [jvm.dll+0x6e2279]  (no source info available)
V  [jvm.dll+0x874e33]  (no source info available)
V  [jvm.dll+0x87725e]  (no source info available)
V  [jvm.dll+0x877933]  (no source info available)
V  [jvm.dll+0x27fd76]  (no source info available)
V  [jvm.dll+0x6de915]  (no source info available)
V  [jvm.dll+0x6d341a]  (no source info available)
V  [jvm.dll+0x3589da]  (no source info available)
V  [jvm.dll+0x360f06]  (no source info available)
V  [jvm.dll+0x3b3e2e]  (no source info available)
V  [jvm.dll+0x3b40d8]  (no source info available)
V  [jvm.dll+0x32c59c]  (no source info available)
V  [jvm.dll+0x32c627]  (no source info available)
V  [jvm.dll+0x37229c]  (no source info available)
V  [jvm.dll+0x370996]  (no source info available)
V  [jvm.dll+0x32bc87]  (no source info available)
V  [jvm.dll+0x370468]  (no source info available)
V  [jvm.dll+0x87d7d0]  (no source info available)
V  [jvm.dll+0x87eb57]  (no source info available)
V  [jvm.dll+0x87f0d0]  (no source info available)
V  [jvm.dll+0x87f373]  (no source info available)
V  [jvm.dll+0x81d44b]  (no source info available)
V  [jvm.dll+0x6e0915]  (no source info available)
C  [ucrtbase.dll+0x29333]  (no source info available)
C  [KERNEL32.DLL+0x1257d]  (no source info available)
C  [ntdll.dll+0x5aa48]  (no source info available)

VM_Operation (0x0000008663cfd2e8): G1TryInitiateConcMark, mode: safepoint, requested by thread 0x0000027e6908ea60


---------------  P R O C E S S  ---------------

Threads class SMR info:
_java_thread_list=0x0000027e6955d150, length=47, elements={
0x0000027e1122cbb0, 0x0000027e21768620, 0x0000027e21769340, 0x0000027e2176f000,
0x0000027e21770cc0, 0x0000027e21771810, 0x0000027e217744e0, 0x0000027e217873b0,
0x0000027e21a331b0, 0x0000027e21a39aa0, 0x0000027e21a3c170, 0x0000027e67519120,
0x0000027e67520060, 0x0000027e67788100, 0x0000027e67bc4ff0, 0x0000027e67be50f0,
0x0000027e686df620, 0x0000027e68f10000, 0x0000027e68f12df0, 0x0000027e68f120d0,
0x0000027e68f12760, 0x0000027e68f10d20, 0x0000027e68f0f970, 0x0000027e68f10690,
0x0000027e68f113b0, 0x0000027e690911c0, 0x0000027e69091ee0, 0x0000027e6908d6b0,
0x0000027e69092570, 0x0000027e6908dd40, 0x0000027e69091850, 0x0000027e69092c00,
0x0000027e69090b30, 0x0000027e6908ea60, 0x0000027e69093920, 0x0000027e69093fb0,
0x0000027e69094640, 0x0000027e69094cd0, 0x0000027e6908e3d0, 0x0000027e6aa5e410,
0x0000027e6aa5d6f0, 0x0000027e6aa5bcb0, 0x0000027e6aa5f130, 0x0000027e6aa61200,
0x0000027e6aa61890, 0x0000027e6aa5eaa0, 0x0000027e6aa60b70
}

Java Threads: ( => current thread )
  0x0000027e1122cbb0 JavaThread "main"                              [_thread_blocked, id=26152, stack(0x0000008660c00000,0x0000008660d00000) (1024K)]
  0x0000027e21768620 JavaThread "Reference Handler"          daemon [_thread_blocked, id=3436, stack(0x0000008661400000,0x0000008661500000) (1024K)]
  0x0000027e21769340 JavaThread "Finalizer"                  daemon [_thread_blocked, id=19344, stack(0x0000008661500000,0x0000008661600000) (1024K)]
  0x0000027e2176f000 JavaThread "Signal Dispatcher"          daemon [_thread_blocked, id=23932, stack(0x0000008661600000,0x0000008661700000) (1024K)]
  0x0000027e21770cc0 JavaThread "Attach Listener"            daemon [_thread_blocked, id=13432, stack(0x0000008661700000,0x0000008661800000) (1024K)]
  0x0000027e21771810 JavaThread "Service Thread"             daemon [_thread_blocked, id=19316, stack(0x0000008661800000,0x0000008661900000) (1024K)]
  0x0000027e217744e0 JavaThread "Monitor Deflation Thread"   daemon [_thread_blocked, id=28024, stack(0x0000008661900000,0x0000008661a00000) (1024K)]
  0x0000027e217873b0 JavaThread "C1 CompilerThread0"         daemon [_thread_blocked, id=7448, stack(0x0000008661a00000,0x0000008661b00000) (1024K)]
  0x0000027e21a331b0 JavaThread "Common-Cleaner"             daemon [_thread_blocked, id=16416, stack(0x0000008661b00000,0x0000008661c00000) (1024K)]
  0x0000027e21a39aa0 JavaThread "C1 CompilerThread1"         daemon [_thread_blocked, id=2308, stack(0x0000008661c00000,0x0000008661d00000) (1024K)]
  0x0000027e21a3c170 JavaThread "C1 CompilerThread2"         daemon [_thread_blocked, id=28720, stack(0x0000008661d00000,0x0000008661e00000) (1024K)]
  0x0000027e67519120 JavaThread "Monitor Ctrl-Break"         daemon [_thread_in_native, id=28532, stack(0x0000008661e00000,0x0000008661f00000) (1024K)]
  0x0000027e67520060 JavaThread "Notification Thread"        daemon [_thread_blocked, id=18088, stack(0x0000008661f00000,0x0000008662000000) (1024K)]
  0x0000027e67788100 JavaThread "RMI TCP Accept-0"           daemon [_thread_in_native, id=4444, stack(0x0000008662100000,0x0000008662200000) (1024K)]
  0x0000027e67bc4ff0 JavaThread "RMI TCP Connection(1)-172.16.0.2" daemon [_thread_in_native, id=18104, stack(0x0000008662700000,0x0000008662800000) (1024K)]
  0x0000027e67be50f0 JavaThread "RMI Scheduler(0)"           daemon [_thread_blocked, id=20104, stack(0x0000008662800000,0x0000008662900000) (1024K)]
  0x0000027e686df620 JavaThread "C1 CompilerThread3"         daemon [_thread_blocked, id=14124, stack(0x0000008662c00000,0x0000008662d00000) (1024K)]
  0x0000027e68f10000 JavaThread "Catalina-utility-1"                [_thread_blocked, id=21472, stack(0x0000008662000000,0x0000008662100000) (1024K)]
  0x0000027e68f12df0 JavaThread "Catalina-utility-2"                [_thread_blocked, id=20948, stack(0x0000008662b00000,0x0000008662c00000) (1024K)]
  0x0000027e68f120d0 JavaThread "http-nio-8080-exec-1"       daemon [_thread_blocked, id=6328, stack(0x0000008662e00000,0x0000008662f00000) (1024K)]
  0x0000027e68f12760 JavaThread "http-nio-8080-exec-2"       daemon [_thread_blocked, id=17868, stack(0x0000008662f00000,0x0000008663000000) (1024K)]
  0x0000027e68f10d20 JavaThread "http-nio-8080-exec-3"       daemon [_thread_blocked, id=27896, stack(0x0000008663000000,0x0000008663100000) (1024K)]
  0x0000027e68f0f970 JavaThread "http-nio-8080-exec-4"       daemon [_thread_blocked, id=28148, stack(0x0000008663100000,0x0000008663200000) (1024K)]
  0x0000027e68f10690 JavaThread "http-nio-8080-exec-5"       daemon [_thread_blocked, id=26484, stack(0x0000008663200000,0x0000008663300000) (1024K)]
  0x0000027e68f113b0 JavaThread "http-nio-8080-exec-6"       daemon [_thread_blocked, id=13816, stack(0x0000008663300000,0x0000008663400000) (1024K)]
  0x0000027e690911c0 JavaThread "http-nio-8080-exec-7"       daemon [_thread_blocked, id=22144, stack(0x0000008663400000,0x0000008663500000) (1024K)]
  0x0000027e69091ee0 JavaThread "http-nio-8080-exec-8"       daemon [_thread_blocked, id=21932, stack(0x0000008663500000,0x0000008663600000) (1024K)]
  0x0000027e6908d6b0 JavaThread "http-nio-8080-exec-9"       daemon [_thread_blocked, id=28460, stack(0x0000008663600000,0x0000008663700000) (1024K)]
  0x0000027e69092570 JavaThread "http-nio-8080-exec-10"      daemon [_thread_blocked, id=4476, stack(0x0000008663700000,0x0000008663800000) (1024K)]
  0x0000027e6908dd40 JavaThread "container-0"                       [_thread_blocked, id=28332, stack(0x0000008663800000,0x0000008663900000) (1024K)]
  0x0000027e69091850 JavaThread "mysql-cj-abandoned-connection-cleanup" daemon [_thread_blocked, id=26664, stack(0x0000008663900000,0x0000008663a00000) (1024K)]
  0x0000027e69092c00 JavaThread "HikariPool-1 housekeeper"   daemon [_thread_blocked, id=13188, stack(0x0000008663b00000,0x0000008663c00000) (1024K)]
  0x0000027e69090b30 JavaThread "boundedElastic-evictor-1"   daemon [_thread_blocked, id=10924, stack(0x0000008663d00000,0x0000008663e00000) (1024K)]
  0x0000027e6908ea60 JavaThread "ClassGraph-worker-28"       daemon [_thread_blocked, id=5768, stack(0x0000008663c00000,0x0000008663d00000) (1024K)]
  0x0000027e69093920 JavaThread "ClassGraph-worker-29"       daemon [_thread_blocked, id=13764, stack(0x0000008663e00000,0x0000008663f00000) (1024K)]
  0x0000027e69093fb0 JavaThread "ClassGraph-worker-30"       daemon [_thread_blocked, id=1356, stack(0x0000008663f00000,0x0000008664000000) (1024K)]
  0x0000027e69094640 JavaThread "ClassGraph-worker-31"       daemon [_thread_blocked, id=12356, stack(0x0000008664000000,0x0000008664100000) (1024K)]
  0x0000027e69094cd0 JavaThread "ClassGraph-worker-32"       daemon [_thread_blocked, id=5140, stack(0x0000008664100000,0x0000008664200000) (1024K)]
  0x0000027e6908e3d0 JavaThread "ClassGraph-worker-33"       daemon [_thread_blocked, id=21904, stack(0x0000008664200000,0x0000008664300000) (1024K)]
  0x0000027e6aa5e410 JavaThread "ClassGraph-worker-34"       daemon [_thread_blocked, id=4652, stack(0x0000008664300000,0x0000008664400000) (1024K)]
  0x0000027e6aa5d6f0 JavaThread "ClassGraph-worker-35"       daemon [_thread_blocked, id=20760, stack(0x0000008664400000,0x0000008664500000) (1024K)]
  0x0000027e6aa5bcb0 JavaThread "ClassGraph-worker-36"       daemon [_thread_blocked, id=19940, stack(0x0000008664500000,0x0000008664600000) (1024K)]
  0x0000027e6aa5f130 JavaThread "ClassGraph-worker-37"       daemon [_thread_blocked, id=27000, stack(0x0000008664600000,0x0000008664700000) (1024K)]
  0x0000027e6aa61200 JavaThread "ClassGraph-worker-38"       daemon [_thread_blocked, id=5348, stack(0x0000008664700000,0x0000008664800000) (1024K)]
  0x0000027e6aa61890 JavaThread "ClassGraph-worker-39"       daemon [_thread_blocked, id=19356, stack(0x0000008664800000,0x0000008664900000) (1024K)]
  0x0000027e6aa5eaa0 JavaThread "ClassGraph-worker-40"       daemon [_thread_blocked, id=26372, stack(0x0000008664900000,0x0000008664a00000) (1024K)]
  0x0000027e6aa60b70 JavaThread "ClassGraph-worker-41"       daemon [_thread_blocked, id=19760, stack(0x0000008664a00000,0x0000008664b00000) (1024K)]
Total: 47

Other Threads:
=>0x0000027e2174caf0 VMThread "VM Thread"                           [id=11100, stack(0x0000008661300000,0x0000008661400000) (1024K)]
  0x0000027e217307e0 WatcherThread "VM Periodic Task Thread"        [id=22804, stack(0x0000008661200000,0x0000008661300000) (1024K)]
  0x0000027e11281cb0 WorkerThread "GC Thread#0"                     [id=27216, stack(0x0000008660d00000,0x0000008660e00000) (1024K)]
  0x0000027e2174d9b0 WorkerThread "GC Thread#1"                     [id=24800, stack(0x0000008662200000,0x0000008662300000) (1024K)]
  0x0000027e2174e110 WorkerThread "GC Thread#2"                     [id=18616, stack(0x0000008662300000,0x0000008662400000) (1024K)]
  0x0000027e2174d250 WorkerThread "GC Thread#3"                     [id=23324, stack(0x0000008662400000,0x0000008662500000) (1024K)]
  0x0000027e2174d600 WorkerThread "GC Thread#4"                     [id=7932, stack(0x0000008662500000,0x0000008662600000) (1024K)]
  0x0000027e2174dd60 WorkerThread "GC Thread#5"                     [id=21660, stack(0x0000008662600000,0x0000008662700000) (1024K)]
  0x0000027e680ec6b0 WorkerThread "GC Thread#6"                     [id=24520, stack(0x0000008662900000,0x0000008662a00000) (1024K)]
  0x0000027e680ebba0 WorkerThread "GC Thread#7"                     [id=808, stack(0x0000008662a00000,0x0000008662b00000) (1024K)]
  0x0000027e11292e60 ConcurrentGCThread "G1 Main Marker"            [id=25504, stack(0x0000008660e00000,0x0000008660f00000) (1024K)]
  0x0000027e11294110 WorkerThread "G1 Conc#0"                       [id=21976, stack(0x0000008660f00000,0x0000008661000000) (1024K)]
  0x0000027e680e9a70 WorkerThread "G1 Conc#1"                       [id=15756, stack(0x0000008662d00000,0x0000008662e00000) (1024K)]
  0x0000027e216031f0 ConcurrentGCThread "G1 Refine#0"               [id=10156, stack(0x0000008661000000,0x0000008661100000) (1024K)]
  0x0000027e21603b80 ConcurrentGCThread "G1 Service"                [id=19868, stack(0x0000008661100000,0x0000008661200000) (1024K)]
Total: 15

Threads with active compile tasks:
C1 CompilerThread0  16414 8127       1       nonapi.io.github.classgraph.fastzipfilereader.FastZipEntry::getSlice (181 bytes)
C1 CompilerThread1  16414 8129       1       nonapi.io.github.classgraph.fileslice.FileSlice::<init> (112 bytes)
C1 CompilerThread2  16414 8128       1       nonapi.io.github.classgraph.fileslice.FileSlice::slice (36 bytes)
C1 CompilerThread3  16414 8125   !   1       nonapi.io.github.classgraph.fastzipfilereader.NestedJarHandler$4::newInstance (1102 bytes)
Total: 4

VM state: at safepoint (normal execution)

VM Mutex/Monitor currently owned by a thread:  ([mutex/lock_event])
[0x00007ff844c3bbb8] Threads_lock - owner thread: 0x0000027e2174caf0
[0x00007ff844c3bcb8] Heap_lock - owner thread: 0x0000027e6908ea60

Heap address: 0x0000000084000000, size: 1984 MB, Compressed Oops mode: 32-bit

CDS archive(s) mapped at: [0x0000027e22000000-0x0000027e22c50000-0x0000027e22c50000), size 12910592, SharedBaseAddress: 0x0000027e22000000, ArchiveRelocationMode: 1.
Compressed class space mapped at: 0x0000027e23000000-0x0000027e63000000, reserved size: 1073741824
Narrow klass base: 0x0000027e22000000, Narrow klass shift: 0, Narrow klass range: 0x41000000

GC Precious Log:
 CardTable entry size: 512
 Card Set container configuration: InlinePtr #cards 5 size 8 Array Of Cards #cards 12 size 40 Howl #buckets 4 coarsen threshold 1843 Howl Bitmap #cards 512 size 80 coarsen threshold 460 Card regions per heap region 1 cards per card region 2048
 CPUs: 8 total, 8 available
 Memory: 7932M
 Large Page Support: Disabled
 NUMA Support: Disabled
 Compressed Oops: Enabled (32-bit)
 Heap Region Size: 1M
 Heap Min Capacity: 8M
 Heap Initial Capacity: 124M
 Heap Max Capacity: 1984M
 Pre-touch: Disabled
 Parallel Workers: 8
 Concurrent Workers: 2
 Concurrent Refinement Workers: 8
 Periodic GC: Disabled

Heap:
 garbage-first heap   total reserved 2031616K, committed 133120K, used 74618K [0x0000000084000000, 0x0000000100000000)
  region size 1024K, 3 young (3072K), 3 survivors (3072K)
 Metaspace       used 78516K, committed 79360K, reserved 1179648K
  class space    used 11562K, committed 11904K, reserved 1048576K

Heap Regions: E=young(eden), S=young(survivor), O=old, HS=humongous(starts), HC=humongous(continues), CS=collection set, F=free, TAMS=top-at-mark-start, PB=parsable bottom
|   0|0x0000000084000000, 0x0000000084100000, 0x0000000084100000|100%|HS|  |TAMS 0x0000000084100000| PB 0x0000000084000000| Complete |  0
|   1|0x0000000084100000, 0x0000000084200000, 0x0000000084200000|100%| O|  |TAMS 0x0000000084200000| PB 0x0000000084100000| Untracked |  0
|   2|0x0000000084200000, 0x0000000084300000, 0x0000000084300000|100%|HS|  |TAMS 0x0000000084300000| PB 0x0000000084200000| Complete |  0
|   3|0x0000000084300000, 0x0000000084400000, 0x0000000084400000|100%| O|  |TAMS 0x0000000084400000| PB 0x0000000084300000| Untracked |  0
|   4|0x0000000084400000, 0x0000000084500000, 0x0000000084500000|100%| O|  |TAMS 0x0000000084500000| PB 0x0000000084400000| Untracked |  0
|   5|0x0000000084500000, 0x0000000084600000, 0x0000000084600000|100%| O|  |TAMS 0x0000000084600000| PB 0x0000000084500000| Untracked |  0
|   6|0x0000000084600000, 0x0000000084700000, 0x0000000084700000|100%| O|  |TAMS 0x0000000084700000| PB 0x0000000084600000| Untracked |  0
|   7|0x0000000084700000, 0x0000000084800000, 0x0000000084800000|100%| O|  |TAMS 0x0000000084800000| PB 0x0000000084700000| Untracked |  0
|   8|0x0000000084800000, 0x0000000084900000, 0x0000000084900000|100%| O|  |TAMS 0x0000000084900000| PB 0x0000000084800000| Untracked |  0
|   9|0x0000000084900000, 0x0000000084a00000, 0x0000000084a00000|100%| O|  |TAMS 0x0000000084a00000| PB 0x0000000084900000| Untracked |  0
|  10|0x0000000084a00000, 0x0000000084b00000, 0x0000000084b00000|100%| O|  |TAMS 0x0000000084b00000| PB 0x0000000084a00000| Untracked |  0
|  11|0x0000000084b00000, 0x0000000084c00000, 0x0000000084c00000|100%| O|  |TAMS 0x0000000084c00000| PB 0x0000000084b00000| Untracked |  0
|  12|0x0000000084c00000, 0x0000000084d00000, 0x0000000084d00000|100%| O|  |TAMS 0x0000000084d00000| PB 0x0000000084c00000| Untracked |  0
|  13|0x0000000084d00000, 0x0000000084e00000, 0x0000000084e00000|100%| O|  |TAMS 0x0000000084e00000| PB 0x0000000084d00000| Untracked |  0
|  14|0x0000000084e00000, 0x0000000084f00000, 0x0000000084f00000|100%| O|  |TAMS 0x0000000084f00000| PB 0x0000000084e00000| Untracked |  0
|  15|0x0000000084f00000, 0x0000000085000000, 0x0000000085000000|100%| O|  |TAMS 0x0000000085000000| PB 0x0000000084f00000| Untracked |  0
|  16|0x0000000085000000, 0x0000000085100000, 0x0000000085100000|100%| O|  |TAMS 0x0000000085100000| PB 0x0000000085000000| Untracked |  0
|  17|0x0000000085100000, 0x0000000085200000, 0x0000000085200000|100%| O|  |TAMS 0x0000000085200000| PB 0x0000000085100000| Untracked |  0
|  18|0x0000000085200000, 0x0000000085300000, 0x0000000085300000|100%| O|  |TAMS 0x0000000085300000| PB 0x0000000085200000| Untracked |  0
|  19|0x0000000085300000, 0x0000000085400000, 0x0000000085400000|100%| O|  |TAMS 0x0000000085400000| PB 0x0000000085300000| Untracked |  0
|  20|0x0000000085400000, 0x0000000085500000, 0x0000000085500000|100%| O|  |TAMS 0x0000000085500000| PB 0x0000000085400000| Untracked |  0
|  21|0x0000000085500000, 0x0000000085600000, 0x0000000085600000|100%| O|  |TAMS 0x0000000085600000| PB 0x0000000085500000| Untracked |  0
|  22|0x0000000085600000, 0x0000000085700000, 0x0000000085700000|100%| O|  |TAMS 0x0000000085700000| PB 0x0000000085600000| Untracked |  0
|  23|0x0000000085700000, 0x0000000085800000, 0x0000000085800000|100%| O|  |TAMS 0x0000000085800000| PB 0x0000000085700000| Untracked |  0
|  24|0x0000000085800000, 0x0000000085900000, 0x0000000085900000|100%| O|  |TAMS 0x0000000085900000| PB 0x0000000085800000| Untracked |  0
|  25|0x0000000085900000, 0x0000000085a00000, 0x0000000085a00000|100%| O|  |TAMS 0x0000000085a00000| PB 0x0000000085900000| Untracked |  0
|  26|0x0000000085a00000, 0x0000000085b00000, 0x0000000085b00000|100%| O|  |TAMS 0x0000000085b00000| PB 0x0000000085a00000| Untracked |  0
|  27|0x0000000085b00000, 0x0000000085b00000, 0x0000000085c00000|  0%| F|  |TAMS 0x0000000085b00000| PB 0x0000000085b00000| Untracked |  0
|  28|0x0000000085c00000, 0x0000000085d00000, 0x0000000085d00000|100%| O|  |TAMS 0x0000000085d00000| PB 0x0000000085c00000| Untracked |  0
|  29|0x0000000085d00000, 0x0000000085e00000, 0x0000000085e00000|100%| O|  |TAMS 0x0000000085e00000| PB 0x0000000085d00000| Untracked |  0
|  30|0x0000000085e00000, 0x0000000085f00000, 0x0000000085f00000|100%| O|  |TAMS 0x0000000085f00000| PB 0x0000000085e00000| Untracked |  0
|  31|0x0000000085f00000, 0x0000000086000000, 0x0000000086000000|100%| O|  |TAMS 0x0000000086000000| PB 0x0000000085f00000| Untracked |  0
|  32|0x0000000086000000, 0x0000000086100000, 0x0000000086100000|100%| O|  |TAMS 0x0000000086100000| PB 0x0000000086000000| Untracked |  0
|  33|0x0000000086100000, 0x0000000086200000, 0x0000000086200000|100%| O|  |TAMS 0x0000000086200000| PB 0x0000000086100000| Untracked |  0
|  34|0x0000000086200000, 0x0000000086300000, 0x0000000086300000|100%| O|  |TAMS 0x0000000086300000| PB 0x0000000086200000| Untracked |  0
|  35|0x0000000086300000, 0x0000000086400000, 0x0000000086400000|100%| O|  |TAMS 0x0000000086400000| PB 0x0000000086300000| Untracked |  0
|  36|0x0000000086400000, 0x0000000086500000, 0x0000000086500000|100%| O|  |TAMS 0x0000000086500000| PB 0x0000000086400000| Untracked |  0
|  37|0x0000000086500000, 0x0000000086600000, 0x0000000086600000|100%| O|  |TAMS 0x0000000086600000| PB 0x0000000086500000| Untracked |  0
|  38|0x0000000086600000, 0x0000000086700000, 0x0000000086700000|100%| O|  |TAMS 0x0000000086600000| PB 0x0000000086600000| Untracked |  0
|  39|0x0000000086700000, 0x0000000086800000, 0x0000000086800000|100%| O|  |TAMS 0x0000000086800000| PB 0x0000000086700000| Untracked |  0
|  40|0x0000000086800000, 0x0000000086900000, 0x0000000086900000|100%| O|  |TAMS 0x0000000086900000| PB 0x0000000086800000| Untracked |  0
|  41|0x0000000086900000, 0x0000000086a00000, 0x0000000086a00000|100%| O|  |TAMS 0x0000000086a00000| PB 0x0000000086900000| Untracked |  0
|  42|0x0000000086a00000, 0x0000000086b00000, 0x0000000086b00000|100%| O|  |TAMS 0x0000000086b00000| PB 0x0000000086a00000| Untracked |  0
|  43|0x0000000086b00000, 0x0000000086c00000, 0x0000000086c00000|100%| O|  |TAMS 0x0000000086c00000| PB 0x0000000086b00000| Untracked |  0
|  44|0x0000000086c00000, 0x0000000086d00000, 0x0000000086d00000|100%| O|  |TAMS 0x0000000086d00000| PB 0x0000000086c00000| Untracked |  0
|  45|0x0000000086d00000, 0x0000000086e00000, 0x0000000086e00000|100%| O|  |TAMS 0x0000000086e00000| PB 0x0000000086d00000| Untracked |  0
|  46|0x0000000086e00000, 0x0000000086f00000, 0x0000000086f00000|100%| O|  |TAMS 0x0000000086f00000| PB 0x0000000086e00000| Untracked |  0
|  47|0x0000000086f00000, 0x0000000087000000, 0x0000000087000000|100%| O|  |TAMS 0x0000000087000000| PB 0x0000000086f00000| Untracked |  0
|  48|0x0000000087000000, 0x0000000087100000, 0x0000000087100000|100%| O|  |TAMS 0x0000000087100000| PB 0x0000000087000000| Untracked |  0
|  49|0x0000000087100000, 0x0000000087200000, 0x0000000087200000|100%| O|  |TAMS 0x0000000087200000| PB 0x0000000087100000| Untracked |  0
|  50|0x0000000087200000, 0x0000000087300000, 0x0000000087300000|100%| O|  |TAMS 0x0000000087300000| PB 0x0000000087200000| Untracked |  0
|  51|0x0000000087300000, 0x0000000087400000, 0x0000000087400000|100%| O|  |TAMS 0x0000000087400000| PB 0x0000000087300000| Untracked |  0
|  52|0x0000000087400000, 0x0000000087500000, 0x0000000087500000|100%| O|  |TAMS 0x0000000087500000| PB 0x0000000087400000| Untracked |  0
|  53|0x0000000087500000, 0x0000000087600000, 0x0000000087600000|100%| O|  |TAMS 0x0000000087500000| PB 0x0000000087500000| Untracked |  0
|  54|0x0000000087600000, 0x0000000087700000, 0x0000000087700000|100%| O|  |TAMS 0x0000000087700000| PB 0x0000000087600000| Untracked |  0
|  55|0x0000000087700000, 0x0000000087800000, 0x0000000087800000|100%| O|  |TAMS 0x0000000087800000| PB 0x0000000087700000| Untracked |  0
|  56|0x0000000087800000, 0x0000000087900000, 0x0000000087900000|100%| O|  |TAMS 0x0000000087800000| PB 0x0000000087800000| Untracked |  0
|  57|0x0000000087900000, 0x00000000879debc0, 0x0000000087a00000| 87%| O|  |TAMS 0x0000000087900000| PB 0x0000000087900000| Untracked |  0
|  58|0x0000000087a00000, 0x0000000087a00000, 0x0000000087b00000|  0%| F|  |TAMS 0x0000000087a00000| PB 0x0000000087a00000| Untracked |  0
|  59|0x0000000087b00000, 0x0000000087b00000, 0x0000000087c00000|  0%| F|  |TAMS 0x0000000087b00000| PB 0x0000000087b00000| Untracked |  0
|  60|0x0000000087c00000, 0x0000000087d00000, 0x0000000087d00000|100%| O|  |TAMS 0x0000000087d00000| PB 0x0000000087c00000| Untracked |  0
|  61|0x0000000087d00000, 0x0000000087e00000, 0x0000000087e00000|100%| O|  |TAMS 0x0000000087e00000| PB 0x0000000087d00000| Untracked |  0
|  62|0x0000000087e00000, 0x0000000087f00000, 0x0000000087f00000|100%| O|  |TAMS 0x0000000087f00000| PB 0x0000000087e00000| Untracked |  0
|  63|0x0000000087f00000, 0x0000000088000000, 0x0000000088000000|100%| O|  |TAMS 0x0000000088000000| PB 0x0000000087f00000| Untracked |  0
|  64|0x0000000088000000, 0x0000000088100000, 0x0000000088100000|100%| O|  |TAMS 0x0000000088100000| PB 0x0000000088000000| Untracked |  0
|  65|0x0000000088100000, 0x0000000088200000, 0x0000000088200000|100%| O|  |TAMS 0x0000000088200000| PB 0x0000000088100000| Untracked |  0
|  66|0x0000000088200000, 0x0000000088300000, 0x0000000088300000|100%| O|  |TAMS 0x0000000088300000| PB 0x0000000088200000| Untracked |  0
|  67|0x0000000088300000, 0x0000000088400000, 0x0000000088400000|100%| O|  |TAMS 0x0000000088357010| PB 0x0000000088300000| Untracked |  0
|  68|0x0000000088400000, 0x0000000088400000, 0x0000000088500000|  0%| F|  |TAMS 0x0000000088400000| PB 0x0000000088400000| Untracked |  0
|  69|0x0000000088500000, 0x0000000088500000, 0x0000000088600000|  0%| F|  |TAMS 0x0000000088500000| PB 0x0000000088500000| Untracked |  0
|  70|0x0000000088600000, 0x0000000088600000, 0x0000000088700000|  0%| F|  |TAMS 0x0000000088600000| PB 0x0000000088600000| Untracked |  0
|  71|0x0000000088700000, 0x0000000088700000, 0x0000000088800000|  0%| F|  |TAMS 0x0000000088700000| PB 0x0000000088700000| Untracked |  0
|  72|0x0000000088800000, 0x0000000088800000, 0x0000000088900000|  0%| F|  |TAMS 0x0000000088800000| PB 0x0000000088800000| Untracked |  0
|  73|0x0000000088900000, 0x0000000088900000, 0x0000000088a00000|  0%| F|  |TAMS 0x0000000088900000| PB 0x0000000088900000| Untracked |  0
|  74|0x0000000088a00000, 0x0000000088a00000, 0x0000000088b00000|  0%| F|  |TAMS 0x0000000088a00000| PB 0x0000000088a00000| Untracked |  0
|  75|0x0000000088b00000, 0x0000000088b00000, 0x0000000088c00000|  0%| F|  |TAMS 0x0000000088b00000| PB 0x0000000088b00000| Untracked |  0
|  76|0x0000000088c00000, 0x0000000088c00000, 0x0000000088d00000|  0%| F|  |TAMS 0x0000000088c00000| PB 0x0000000088c00000| Untracked |  0
|  77|0x0000000088d00000, 0x0000000088d00000, 0x0000000088e00000|  0%| F|  |TAMS 0x0000000088d00000| PB 0x0000000088d00000| Untracked |  0
|  78|0x0000000088e00000, 0x0000000088f00000, 0x0000000088f00000|100%| S|CS|TAMS 0x0000000088e00000| PB 0x0000000088e00000| Complete |  0
|  79|0x0000000088f00000, 0x0000000089000000, 0x0000000089000000|100%| S|CS|TAMS 0x0000000088f00000| PB 0x0000000088f00000| Complete |  0
|  80|0x0000000089000000, 0x0000000089100000, 0x0000000089100000|100%| S|CS|TAMS 0x0000000089000000| PB 0x0000000089000000| Complete |  0
|  81|0x0000000089100000, 0x0000000089100000, 0x0000000089200000|  0%| F|  |TAMS 0x0000000089100000| PB 0x0000000089100000| Untracked |  0
|  82|0x0000000089200000, 0x0000000089200000, 0x0000000089300000|  0%| F|  |TAMS 0x0000000089200000| PB 0x0000000089200000| Untracked |  0
|  83|0x0000000089300000, 0x0000000089300000, 0x0000000089400000|  0%| F|  |TAMS 0x0000000089300000| PB 0x0000000089300000| Untracked |  0
|  84|0x0000000089400000, 0x0000000089400000, 0x0000000089500000|  0%| F|  |TAMS 0x0000000089400000| PB 0x0000000089400000| Untracked |  0
|  85|0x0000000089500000, 0x0000000089500000, 0x0000000089600000|  0%| F|  |TAMS 0x0000000089500000| PB 0x0000000089500000| Untracked |  0
|  86|0x0000000089600000, 0x0000000089600000, 0x0000000089700000|  0%| F|  |TAMS 0x0000000089600000| PB 0x0000000089600000| Untracked |  0
|  87|0x0000000089700000, 0x0000000089700000, 0x0000000089800000|  0%| F|  |TAMS 0x0000000089700000| PB 0x0000000089700000| Untracked |  0
|  88|0x0000000089800000, 0x0000000089800000, 0x0000000089900000|  0%| F|  |TAMS 0x0000000089800000| PB 0x0000000089800000| Untracked |  0
|  89|0x0000000089900000, 0x0000000089900000, 0x0000000089a00000|  0%| F|  |TAMS 0x0000000089900000| PB 0x0000000089900000| Untracked |  0
|  90|0x0000000089a00000, 0x0000000089a00000, 0x0000000089b00000|  0%| F|  |TAMS 0x0000000089a00000| PB 0x0000000089a00000| Untracked |  0
|  91|0x0000000089b00000, 0x0000000089b00000, 0x0000000089c00000|  0%| F|  |TAMS 0x0000000089b00000| PB 0x0000000089b00000| Untracked |  0
|  92|0x0000000089c00000, 0x0000000089c00000, 0x0000000089d00000|  0%| F|  |TAMS 0x0000000089c00000| PB 0x0000000089c00000| Untracked |  0
|  93|0x0000000089d00000, 0x0000000089d00000, 0x0000000089e00000|  0%| F|  |TAMS 0x0000000089d00000| PB 0x0000000089d00000| Untracked |  0
|  94|0x0000000089e00000, 0x0000000089e00000, 0x0000000089f00000|  0%| F|  |TAMS 0x0000000089e00000| PB 0x0000000089e00000| Untracked |  0
|  95|0x0000000089f00000, 0x0000000089f00000, 0x000000008a000000|  0%| F|  |TAMS 0x0000000089f00000| PB 0x0000000089f00000| Untracked |  0
|  96|0x000000008a000000, 0x000000008a000000, 0x000000008a100000|  0%| F|  |TAMS 0x000000008a000000| PB 0x000000008a000000| Untracked |  0
|  97|0x000000008a100000, 0x000000008a100000, 0x000000008a200000|  0%| F|  |TAMS 0x000000008a100000| PB 0x000000008a100000| Untracked |  0
|  98|0x000000008a200000, 0x000000008a200000, 0x000000008a300000|  0%| F|  |TAMS 0x000000008a200000| PB 0x000000008a200000| Untracked |  0
|  99|0x000000008a300000, 0x000000008a300000, 0x000000008a400000|  0%| F|  |TAMS 0x000000008a300000| PB 0x000000008a300000| Untracked |  0
| 100|0x000000008a400000, 0x000000008a400000, 0x000000008a500000|  0%| F|  |TAMS 0x000000008a400000| PB 0x000000008a400000| Untracked |  0
| 101|0x000000008a500000, 0x000000008a500000, 0x000000008a600000|  0%| F|  |TAMS 0x000000008a500000| PB 0x000000008a500000| Untracked |  0
| 102|0x000000008a600000, 0x000000008a600000, 0x000000008a700000|  0%| F|  |TAMS 0x000000008a600000| PB 0x000000008a600000| Untracked |  0
| 103|0x000000008a700000, 0x000000008a700000, 0x000000008a800000|  0%| F|  |TAMS 0x000000008a700000| PB 0x000000008a700000| Untracked |  0
| 104|0x000000008a800000, 0x000000008a800000, 0x000000008a900000|  0%| F|  |TAMS 0x000000008a800000| PB 0x000000008a800000| Untracked |  0
| 105|0x000000008a900000, 0x000000008a900000, 0x000000008aa00000|  0%| F|  |TAMS 0x000000008a900000| PB 0x000000008a900000| Untracked |  0
| 106|0x000000008aa00000, 0x000000008aa00000, 0x000000008ab00000|  0%| F|  |TAMS 0x000000008aa00000| PB 0x000000008aa00000| Untracked |  0
| 107|0x000000008ab00000, 0x000000008ab00000, 0x000000008ac00000|  0%| F|  |TAMS 0x000000008ab00000| PB 0x000000008ab00000| Untracked |  0
| 108|0x000000008ac00000, 0x000000008ac00000, 0x000000008ad00000|  0%| F|  |TAMS 0x000000008ac00000| PB 0x000000008ac00000| Untracked |  0
| 109|0x000000008ad00000, 0x000000008ad00000, 0x000000008ae00000|  0%| F|  |TAMS 0x000000008ad00000| PB 0x000000008ad00000| Untracked |  0
| 110|0x000000008ae00000, 0x000000008ae00000, 0x000000008af00000|  0%| F|  |TAMS 0x000000008ae00000| PB 0x000000008ae00000| Untracked |  0
| 111|0x000000008af00000, 0x000000008af00000, 0x000000008b000000|  0%| F|  |TAMS 0x000000008af00000| PB 0x000000008af00000| Untracked |  0
| 112|0x000000008b000000, 0x000000008b000000, 0x000000008b100000|  0%| F|  |TAMS 0x000000008b000000| PB 0x000000008b000000| Untracked |  0
| 113|0x000000008b100000, 0x000000008b100000, 0x000000008b200000|  0%| F|  |TAMS 0x000000008b100000| PB 0x000000008b100000| Untracked |  0
| 114|0x000000008b200000, 0x000000008b200000, 0x000000008b300000|  0%| F|  |TAMS 0x000000008b200000| PB 0x000000008b200000| Untracked |  0
| 115|0x000000008b300000, 0x000000008b300000, 0x000000008b400000|  0%| F|  |TAMS 0x000000008b300000| PB 0x000000008b300000| Untracked |  0
| 116|0x000000008b400000, 0x000000008b400000, 0x000000008b500000|  0%| F|  |TAMS 0x000000008b400000| PB 0x000000008b400000| Untracked |  0
| 117|0x000000008b500000, 0x000000008b500000, 0x000000008b600000|  0%| F|  |TAMS 0x000000008b500000| PB 0x000000008b500000| Untracked |  0
| 118|0x000000008b600000, 0x000000008b600000, 0x000000008b700000|  0%| F|  |TAMS 0x000000008b600000| PB 0x000000008b600000| Untracked |  0
| 119|0x000000008b700000, 0x000000008b700000, 0x000000008b800000|  0%| F|  |TAMS 0x000000008b700000| PB 0x000000008b700000| Untracked |  0
| 120|0x000000008b800000, 0x000000008b800000, 0x000000008b900000|  0%| F|  |TAMS 0x000000008b800000| PB 0x000000008b800000| Untracked |  0
| 121|0x000000008b900000, 0x000000008b900000, 0x000000008ba00000|  0%| F|  |TAMS 0x000000008b900000| PB 0x000000008b900000| Untracked |  0
| 122|0x000000008ba00000, 0x000000008ba00000, 0x000000008bb00000|  0%| F|  |TAMS 0x000000008ba00000| PB 0x000000008ba00000| Untracked |  0
| 123|0x000000008bb00000, 0x000000008bb00000, 0x000000008bc00000|  0%| F|  |TAMS 0x000000008bb00000| PB 0x000000008bb00000| Untracked |  0
|1978|0x00000000ffa00000, 0x00000000ffb00000, 0x00000000ffb00000|100%| O|  |TAMS 0x00000000ffb00000| PB 0x00000000ffa00000| Untracked |  0
|1979|0x00000000ffb00000, 0x00000000ffc00000, 0x00000000ffc00000|100%| O|  |TAMS 0x00000000ffc00000| PB 0x00000000ffb00000| Untracked |  0
|1980|0x00000000ffc00000, 0x00000000ffc00000, 0x00000000ffd00000|  0%| F|  |TAMS 0x00000000ffc00000| PB 0x00000000ffc00000| Untracked |  0
|1981|0x00000000ffd00000, 0x00000000ffe00000, 0x00000000ffe00000|100%| O|  |TAMS 0x00000000ffe00000| PB 0x00000000ffd00000| Untracked |  0
|1982|0x00000000ffe00000, 0x00000000fff00000, 0x00000000fff00000|100%| O|  |TAMS 0x00000000fff00000| PB 0x00000000ffe00000| Untracked |  0
|1983|0x00000000fff00000, 0x0000000100000000, 0x0000000100000000|100%| O|  |TAMS 0x0000000100000000| PB 0x00000000fff00000| Untracked |  0

Card table byte_map: [0x0000027e1ca40000,0x0000027e1ce20000] _byte_map_base: 0x0000027e1c620000

Marking Bits: (CMBitMap*) 0x0000027e112823c0
 Bits: [0x0000027e1ce20000, 0x0000027e1ed20000)

Polling page: 0x0000027e0f070000

Metaspace:

Usage:
  Non-class:     65.38 MB used.
      Class:     11.29 MB used.
       Both:     76.68 MB used.

Virtual space:
  Non-class space:      128.00 MB reserved,      65.88 MB ( 51%) committed,  2 nodes.
      Class space:        1.00 GB reserved,      11.62 MB (  1%) committed,  1 nodes.
             Both:        1.12 GB reserved,      77.50 MB (  7%) committed. 

Chunk freelists:
   Non-Class:  14.18 MB
       Class:  4.26 MB
        Both:  18.45 MB

MaxMetaspaceSize: unlimited
CompressedClassSpaceSize: 1.00 GB
Initial GC threshold: 21.00 MB
Current GC threshold: 129.06 MB
CDS: on
 - commit_granule_bytes: 65536.
 - commit_granule_words: 8192.
 - virtual_space_node_default_size: 8388608.
 - enlarge_chunks_in_place: 1.
 - use_allocation_guard: 0.


Internal statistics:

num_allocs_failed_limit: 6.
num_arena_births: 1144.
num_arena_deaths: 0.
num_vsnodes_births: 3.
num_vsnodes_deaths: 0.
num_space_committed: 1240.
num_space_uncommitted: 0.
num_chunks_returned_to_freelist: 6.
num_chunks_taken_from_freelist: 3878.
num_chunk_merges: 6.
num_chunk_splits: 2886.
num_chunks_enlarged: 2322.
num_inconsistent_stats: 0.

CodeCache: size=49152Kb used=15104Kb max_used=15661Kb free=34047Kb
 bounds [0x0000027e19550000, 0x0000027e1a4b0000, 0x0000027e1c550000]
 total_blobs=8093 nmethods=7343 adapters=670
 compilation: enabled
              stopped_count=0, restarted_count=0
 full_count=0

Compilation events (20 events):
Event: 16.345 Thread 0x0000027e217873b0 8119   !   1       java.nio.file.Files::isRegularFile (35 bytes)
Event: 16.345 Thread 0x0000027e686df620 8120       1       sun.nio.fs.WindowsFileAttributes::isRegularFile (27 bytes)
Event: 16.345 Thread 0x0000027e686df620 nmethod 8120 0x0000027e198c0410 code [0x0000027e198c05a0, 0x0000027e198c0728]
Event: 16.345 Thread 0x0000027e686df620 8121       1       sun.nio.fs.WindowsFileAttributes::isOther (26 bytes)
Event: 16.345 Thread 0x0000027e686df620 nmethod 8121 0x0000027e198e6790 code [0x0000027e198e6920, 0x0000027e198e6a50]
Event: 16.345 Thread 0x0000027e686df620 8122       1       nonapi.io.github.classgraph.utils.FastPathResolver::resolve (6 bytes)
Event: 16.345 Thread 0x0000027e217873b0 nmethod 8119 0x0000027e1985d310 code [0x0000027e1985d4e0, 0x0000027e1985d7a8]
Event: 16.345 Thread 0x0000027e686df620 nmethod 8122 0x0000027e19844790 code [0x0000027e19844920, 0x0000027e198449f0]
Event: 16.345 Thread 0x0000027e21a3c170 nmethod 8118 0x0000027e1983c390 code [0x0000027e1983c580, 0x0000027e1983cd20]
Event: 16.345 Thread 0x0000027e21a39aa0 nmethod 8117 0x0000027e19af1990 code [0x0000027e19af1b80, 0x0000027e19af2168]
Event: 16.346 Thread 0x0000027e21a3c170 8123       1       nonapi.io.github.classgraph.fastzipfilereader.NestedJarHandler$1::newInstance (10 bytes)
Event: 16.347 Thread 0x0000027e21a3c170 nmethod 8123 0x0000027e198a0890 code [0x0000027e198a0a40, 0x0000027e198a0bd8]
Event: 16.347 Thread 0x0000027e21a3c170 8124       1       nonapi.io.github.classgraph.fastzipfilereader.NestedJarHandler$4::newInstance (10 bytes)
Event: 16.347 Thread 0x0000027e686df620 8125   !   1       nonapi.io.github.classgraph.fastzipfilereader.NestedJarHandler$4::newInstance (1102 bytes)
Event: 16.347 Thread 0x0000027e21a3c170 nmethod 8124 0x0000027e19902610 code [0x0000027e199027a0, 0x0000027e199028c0]
Event: 16.347 Thread 0x0000027e21a3c170 8126       1       nonapi.io.github.classgraph.fastzipfilereader.NestedJarHandler$1::newInstance (14 bytes)
Event: 16.347 Thread 0x0000027e21a3c170 nmethod 8126 0x0000027e19904610 code [0x0000027e199047a0, 0x0000027e19904900]
Event: 16.347 Thread 0x0000027e217873b0 8127       1       nonapi.io.github.classgraph.fastzipfilereader.FastZipEntry::getSlice (181 bytes)
Event: 16.347 Thread 0x0000027e21a3c170 8128       1       nonapi.io.github.classgraph.fileslice.FileSlice::slice (36 bytes)
Event: 16.347 Thread 0x0000027e21a39aa0 8129       1       nonapi.io.github.classgraph.fileslice.FileSlice::<init> (112 bytes)

GC Heap History (20 events):
Event: 11.462 GC heap after
{Heap after GC invocations=14 (full 0):
 garbage-first heap   total reserved 2031616K, committed 78848K, used 35255K [0x0000000084000000, 0x0000000100000000)
  region size 1024K, 3 young (3072K), 3 survivors (3072K)
 Metaspace       used 59238K, committed 59840K, reserved 1114112K
  class space    used 8630K, committed 8896K, reserved 1048576K
}
Event: 12.540 GC heap before
{Heap before GC invocations=15 (full 0):
 garbage-first heap   total reserved 2031616K, committed 78848K, used 70071K [0x0000000084000000, 0x0000000100000000)
  region size 1024K, 37 young (37888K), 3 survivors (3072K)
 Metaspace       used 63320K, committed 64000K, reserved 1114112K
  class space    used 9302K, committed 9600K, reserved 1048576K
}
Event: 12.546 GC heap after
{Heap after GC invocations=16 (full 0):
 garbage-first heap   total reserved 2031616K, committed 78848K, used 37416K [0x0000000084000000, 0x0000000100000000)
  region size 1024K, 3 young (3072K), 3 survivors (3072K)
 Metaspace       used 63320K, committed 64000K, reserved 1114112K
  class space    used 9302K, committed 9600K, reserved 1048576K
}
Event: 14.085 GC heap before
{Heap before GC invocations=16 (full 0):
 garbage-first heap   total reserved 2031616K, committed 78848K, used 70184K [0x0000000084000000, 0x0000000100000000)
  region size 1024K, 35 young (35840K), 3 survivors (3072K)
 Metaspace       used 67573K, committed 68288K, reserved 1114112K
  class space    used 9968K, committed 10240K, reserved 1048576K
}
Event: 14.103 GC heap after
{Heap after GC invocations=17 (full 0):
 garbage-first heap   total reserved 2031616K, committed 78848K, used 39938K [0x0000000084000000, 0x0000000100000000)
  region size 1024K, 5 young (5120K), 5 survivors (5120K)
 Metaspace       used 67573K, committed 68288K, reserved 1114112K
  class space    used 9968K, committed 10240K, reserved 1048576K
}
Event: 14.504 GC heap before
{Heap before GC invocations=17 (full 0):
 garbage-first heap   total reserved 2031616K, committed 78848K, used 67586K [0x0000000084000000, 0x0000000100000000)
  region size 1024K, 32 young (32768K), 5 survivors (5120K)
 Metaspace       used 71357K, committed 72128K, reserved 1114112K
  class space    used 10623K, committed 10944K, reserved 1048576K
}
Event: 14.510 GC heap after
{Heap after GC invocations=18 (full 0):
 garbage-first heap   total reserved 2031616K, committed 78848K, used 41555K [0x0000000084000000, 0x0000000100000000)
  region size 1024K, 2 young (2048K), 2 survivors (2048K)
 Metaspace       used 71357K, committed 72128K, reserved 1114112K
  class space    used 10623K, committed 10944K, reserved 1048576K
}
Event: 14.925 GC heap before
{Heap before GC invocations=19 (full 0):
 garbage-first heap   total reserved 2031616K, committed 78848K, used 71251K [0x0000000084000000, 0x0000000100000000)
  region size 1024K, 31 young (31744K), 2 survivors (2048K)
 Metaspace       used 74879K, committed 75648K, reserved 1114112K
  class space    used 11079K, committed 11392K, reserved 1048576K
}
Event: 14.932 GC heap after
{Heap after GC invocations=20 (full 0):
 garbage-first heap   total reserved 2031616K, committed 78848K, used 43062K [0x0000000084000000, 0x0000000100000000)
  region size 1024K, 4 young (4096K), 4 survivors (4096K)
 Metaspace       used 74879K, committed 75648K, reserved 1114112K
  class space    used 11079K, committed 11392K, reserved 1048576K
}
Event: 15.396 GC heap before
{Heap before GC invocations=20 (full 0):
 garbage-first heap   total reserved 2031616K, committed 78848K, used 68662K [0x0000000084000000, 0x0000000100000000)
  region size 1024K, 29 young (29696K), 4 survivors (4096K)
 Metaspace       used 77291K, committed 78080K, reserved 1179648K
  class space    used 11403K, committed 11776K, reserved 1048576K
}
Event: 15.407 GC heap after
{Heap after GC invocations=21 (full 0):
 garbage-first heap   total reserved 2031616K, committed 95232K, used 44750K [0x0000000084000000, 0x0000000100000000)
  region size 1024K, 4 young (4096K), 4 survivors (4096K)
 Metaspace       used 77291K, committed 78080K, reserved 1179648K
  class space    used 11403K, committed 11776K, reserved 1048576K
}
Event: 15.908 GC heap before
{Heap before GC invocations=21 (full 0):
 garbage-first heap   total reserved 2031616K, committed 95232K, used 85710K [0x0000000084000000, 0x0000000100000000)
  region size 1024K, 43 young (44032K), 4 survivors (4096K)
 Metaspace       used 78474K, committed 79296K, reserved 1179648K
  class space    used 11548K, committed 11904K, reserved 1048576K
}
Event: 15.930 GC heap after
{Heap after GC invocations=22 (full 0):
 garbage-first heap   total reserved 2031616K, committed 99328K, used 54951K [0x0000000084000000, 0x0000000100000000)
  region size 1024K, 6 young (6144K), 6 survivors (6144K)
 Metaspace       used 78474K, committed 79296K, reserved 1179648K
  class space    used 11548K, committed 11904K, reserved 1048576K
}
Event: 16.057 GC heap before
{Heap before GC invocations=22 (full 0):
 garbage-first heap   total reserved 2031616K, committed 99328K, used 69287K [0x0000000084000000, 0x0000000100000000)
  region size 1024K, 21 young (21504K), 6 survivors (6144K)
 Metaspace       used 78475K, committed 79296K, reserved 1179648K
  class space    used 11548K, committed 11904K, reserved 1048576K
}
Event: 16.070 GC heap after
{Heap after GC invocations=23 (full 0):
 garbage-first heap   total reserved 2031616K, committed 99328K, used 55638K [0x0000000084000000, 0x0000000100000000)
  region size 1024K, 3 young (3072K), 3 survivors (3072K)
 Metaspace       used 78475K, committed 79296K, reserved 1179648K
  class space    used 11548K, committed 11904K, reserved 1048576K
}
Event: 16.189 GC heap before
{Heap before GC invocations=24 (full 0):
 garbage-first heap   total reserved 2031616K, committed 99328K, used 86358K [0x0000000084000000, 0x0000000100000000)
  region size 1024K, 33 young (33792K), 3 survivors (3072K)
 Metaspace       used 78478K, committed 79296K, reserved 1179648K
  class space    used 11551K, committed 11904K, reserved 1048576K
}
Event: 16.199 GC heap after
{Heap after GC invocations=25 (full 0):
 garbage-first heap   total reserved 2031616K, committed 101376K, used 66039K [0x0000000084000000, 0x0000000100000000)
  region size 1024K, 5 young (5120K), 5 survivors (5120K)
 Metaspace       used 78478K, committed 79296K, reserved 1179648K
  class space    used 11551K, committed 11904K, reserved 1048576K
}
Event: 16.312 GC heap before
{Heap before GC invocations=25 (full 0):
 garbage-first heap   total reserved 2031616K, committed 101376K, used 87543K [0x0000000084000000, 0x0000000100000000)
  region size 1024K, 26 young (26624K), 5 survivors (5120K)
 Metaspace       used 78516K, committed 79360K, reserved 1179648K
  class space    used 11562K, committed 11904K, reserved 1048576K
}
Event: 16.320 GC heap after
{Heap after GC invocations=26 (full 0):
 garbage-first heap   total reserved 2031616K, committed 101376K, used 72028K [0x0000000084000000, 0x0000000100000000)
  region size 1024K, 4 young (4096K), 4 survivors (4096K)
 Metaspace       used 78516K, committed 79360K, reserved 1179648K
  class space    used 11562K, committed 11904K, reserved 1048576K
}
Event: 16.347 GC heap before
{Heap before GC invocations=26 (full 0):
 garbage-first heap   total reserved 2031616K, committed 101376K, used 83292K [0x0000000084000000, 0x0000000100000000)
  region size 1024K, 17 young (17408K), 4 survivors (4096K)
 Metaspace       used 78516K, committed 79360K, reserved 1179648K
  class space    used 11562K, committed 11904K, reserved 1048576K
}

Dll operation events (13 events):
Event: 0.017 Loaded shared library C:\Users\mkoner\.jdks\openjdk-22.0.1\bin\java.dll
Event: 0.361 Loaded shared library C:\Users\mkoner\.jdks\openjdk-22.0.1\bin\zip.dll
Event: 0.368 Loaded shared library C:\Users\mkoner\.jdks\openjdk-22.0.1\bin\instrument.dll
Event: 0.375 Loaded shared library C:\Users\mkoner\.jdks\openjdk-22.0.1\bin\net.dll
Event: 0.379 Loaded shared library C:\Users\mkoner\.jdks\openjdk-22.0.1\bin\nio.dll
Event: 0.387 Loaded shared library C:\Users\mkoner\.jdks\openjdk-22.0.1\bin\zip.dll
Event: 0.724 Loaded shared library C:\Users\mkoner\AppData\Local\Programs\IntelliJ IDEA Ultimate\bin\breakgen64.dll
Event: 0.734 Loaded shared library C:\Users\mkoner\.jdks\openjdk-22.0.1\bin\jimage.dll
Event: 0.740 Loaded shared library C:\Users\mkoner\.jdks\openjdk-22.0.1\bin\extnet.dll
Event: 0.769 Loaded shared library C:\Users\mkoner\.jdks\openjdk-22.0.1\bin\management.dll
Event: 0.793 Loaded shared library C:\Users\mkoner\.jdks\openjdk-22.0.1\bin\management_ext.dll
Event: 4.678 Loaded shared library C:\Users\mkoner\.jdks\openjdk-22.0.1\bin\sunmscapi.dll
Event: 8.528 Loaded shared library C:\Users\mkoner\.jdks\openjdk-22.0.1\bin\verify.dll

Deoptimization events (4 events):
Event: 12.775 Thread 0x0000027e1122cbb0 DEOPT PACKING pc=0x0000027e1990dd94 sp=0x0000008660cfc960
Event: 12.775 Thread 0x0000027e1122cbb0 DEOPT UNPACKING pc=0x0000027e195a88e2 sp=0x0000008660cfbeb8 mode 0
Event: 12.862 Thread 0x0000027e1122cbb0 DEOPT PACKING pc=0x0000027e19b8e6b9 sp=0x0000008660cfcc10
Event: 12.862 Thread 0x0000027e1122cbb0 DEOPT UNPACKING pc=0x0000027e195a88e2 sp=0x0000008660cfc118 mode 3

Classes loaded (20 events):
Event: 15.254 Loading class java/util/Collections$SynchronizedList done
Event: 15.254 Loading class java/util/Collections$SynchronizedRandomAccessList done
Event: 15.391 Loading class java/util/Comparators$NullComparator
Event: 15.391 Loading class java/util/Comparators$NullComparator done
Event: 15.646 Loading class java/lang/LayerInstantiationException
Event: 15.646 Loading class java/lang/LayerInstantiationException done
Event: 15.647 Loading class jdk/internal/loader/Loader
Event: 15.647 Loading class jdk/internal/loader/Loader done
Event: 15.663 Loading class java/io/IOError
Event: 15.663 Loading class java/io/IOError done
Event: 15.729 Loading class sun/nio/fs/WindowsLinkSupport
Event: 15.729 Loading class sun/nio/fs/WindowsLinkSupport done
Event: 15.730 Loading class sun/nio/fs/WindowsFileSystemProvider$1
Event: 15.730 Loading class sun/nio/fs/WindowsFileSystemProvider$1 done
Event: 15.752 Loading class java/nio/channels/spi/AbstractInterruptibleChannel$1
Event: 15.753 Loading class sun/nio/ch/Interruptible
Event: 15.753 Loading class sun/nio/ch/Interruptible done
Event: 15.753 Loading class java/nio/channels/spi/AbstractInterruptibleChannel$1 done
Event: 15.762 Loading class java/util/zip/DataFormatException
Event: 15.762 Loading class java/util/zip/DataFormatException done

Classes unloaded (0 events):
No events

Classes redefined (0 events):
No events

Internal exceptions (20 events):
Event: 16.266 Thread 0x0000027e69094640 Exception <a 'sun/nio/fs/WindowsException'{0x000000008a8737d8}> (0x000000008a8737d8) 
thrown [s\open\src\hotspot\share\prims\jni.cpp, line 520]
Event: 16.266 Thread 0x0000027e69094640 Exception <a 'sun/nio/fs/WindowsException'{0x000000008a873a78}> (0x000000008a873a78) 
thrown [s\open\src\hotspot\share\prims\jni.cpp, line 520]
Event: 16.266 Thread 0x0000027e69094640 Exception <a 'sun/nio/fs/WindowsException'{0x000000008a874398}> (0x000000008a874398) 
thrown [s\open\src\hotspot\share\prims\jni.cpp, line 520]
Event: 16.266 Thread 0x0000027e69094640 Exception <a 'sun/nio/fs/WindowsException'{0x000000008a874668}> (0x000000008a874668) 
thrown [s\open\src\hotspot\share\prims\jni.cpp, line 520]
Event: 16.266 Thread 0x0000027e69094640 Exception <a 'sun/nio/fs/WindowsException'{0x000000008a874f60}> (0x000000008a874f60) 
thrown [s\open\src\hotspot\share\prims\jni.cpp, line 520]
Event: 16.266 Thread 0x0000027e69094640 Exception <a 'sun/nio/fs/WindowsException'{0x000000008a875200}> (0x000000008a875200) 
thrown [s\open\src\hotspot\share\prims\jni.cpp, line 520]
Event: 16.266 Thread 0x0000027e69094640 Exception <a 'sun/nio/fs/WindowsException'{0x000000008a875ac8}> (0x000000008a875ac8) 
thrown [s\open\src\hotspot\share\prims\jni.cpp, line 520]
Event: 16.266 Thread 0x0000027e69094640 Exception <a 'sun/nio/fs/WindowsException'{0x000000008a875d38}> (0x000000008a875d38) 
thrown [s\open\src\hotspot\share\prims\jni.cpp, line 520]
Event: 16.266 Thread 0x0000027e69094640 Exception <a 'sun/nio/fs/WindowsException'{0x000000008a876608}> (0x000000008a876608) 
thrown [s\open\src\hotspot\share\prims\jni.cpp, line 520]
Event: 16.266 Thread 0x0000027e69094640 Exception <a 'sun/nio/fs/WindowsException'{0x000000008a876890}> (0x000000008a876890) 
thrown [s\open\src\hotspot\share\prims\jni.cpp, line 520]
Event: 16.266 Thread 0x0000027e69094640 Exception <a 'sun/nio/fs/WindowsException'{0x000000008a877160}> (0x000000008a877160) 
thrown [s\open\src\hotspot\share\prims\jni.cpp, line 520]
Event: 16.266 Thread 0x0000027e69094640 Exception <a 'sun/nio/fs/WindowsException'{0x000000008a8773d0}> (0x000000008a8773d0) 
thrown [s\open\src\hotspot\share\prims\jni.cpp, line 520]
Event: 16.266 Thread 0x0000027e69094640 Exception <a 'sun/nio/fs/WindowsException'{0x000000008a877ca0}> (0x000000008a877ca0) 
thrown [s\open\src\hotspot\share\prims\jni.cpp, line 520]
Event: 16.266 Thread 0x0000027e69094640 Exception <a 'sun/nio/fs/WindowsException'{0x000000008a87f288}> (0x000000008a87f288) 
thrown [s\open\src\hotspot\share\prims\jni.cpp, line 520]
Event: 16.266 Thread 0x0000027e69094640 Exception <a 'sun/nio/fs/WindowsException'{0x000000008a87fb80}> (0x000000008a87fb80) 
thrown [s\open\src\hotspot\share\prims\jni.cpp, line 520]
Event: 16.266 Thread 0x0000027e69094640 Exception <a 'sun/nio/fs/WindowsException'{0x000000008a87fe20}> (0x000000008a87fe20) 
thrown [s\open\src\hotspot\share\prims\jni.cpp, line 520]
Event: 16.266 Thread 0x0000027e69094640 Exception <a 'sun/nio/fs/WindowsException'{0x000000008a880730}> (0x000000008a880730) 
thrown [s\open\src\hotspot\share\prims\jni.cpp, line 520]
Event: 16.266 Thread 0x0000027e69094640 Exception <a 'sun/nio/fs/WindowsException'{0x000000008a8809f0}> (0x000000008a8809f0) 
thrown [s\open\src\hotspot\share\prims\jni.cpp, line 520]
Event: 16.266 Thread 0x0000027e69094640 Exception <a 'sun/nio/fs/WindowsException'{0x000000008a8812e8}> (0x000000008a8812e8) 
thrown [s\open\src\hotspot\share\prims\jni.cpp, line 520]
Event: 16.266 Thread 0x0000027e69094640 Exception <a 'sun/nio/fs/WindowsException'{0x000000008a8815a0}> (0x000000008a8815a0) 
thrown [s\open\src\hotspot\share\prims\jni.cpp, line 520]

ZGC Phase Switch (0 events):
No events

VM Operations (20 events):
Event: 15.407 Executing VM operation: G1CollectForAllocation (G1 Evacuation Pause) done
Event: 15.411 Executing VM operation: HandshakeAllThreads (Deoptimize)
Event: 15.411 Executing VM operation: HandshakeAllThreads (Deoptimize) done
Event: 15.412 Executing VM operation: HandshakeAllThreads (Deoptimize)
Event: 15.413 Executing VM operation: HandshakeAllThreads (Deoptimize) done
Event: 15.893 Executing VM operation: G1CollectForAllocation (G1 Evacuation Pause)
Event: 15.930 Executing VM operation: G1CollectForAllocation (G1 Evacuation Pause) done
Event: 16.057 Executing VM operation: G1TryInitiateConcMark (G1 Humongous Allocation)
Event: 16.070 Executing VM operation: G1TryInitiateConcMark (G1 Humongous Allocation) done
Event: 16.136 Executing VM operation: G1PauseRemark
Event: 16.142 Executing VM operation: G1PauseRemark done
Event: 16.171 Executing VM operation: G1PauseCleanup
Event: 16.171 Executing VM operation: G1PauseCleanup done
Event: 16.188 Executing VM operation: G1CollectForAllocation (G1 Evacuation Pause)
Event: 16.199 Executing VM operation: G1CollectForAllocation (G1 Evacuation Pause) done
Event: 16.220 Executing VM operation: HandshakeAllThreads (Deoptimize)
Event: 16.220 Executing VM operation: HandshakeAllThreads (Deoptimize) done
Event: 16.300 Executing VM operation: G1CollectForAllocation (G1 Evacuation Pause)
Event: 16.320 Executing VM operation: G1CollectForAllocation (G1 Evacuation Pause) done
Event: 16.347 Executing VM operation: G1TryInitiateConcMark (G1 Humongous Allocation)

Events (20 events):
Event: 16.232 Thread 0x0000027e6aa49870 Thread exited: 0x0000027e6aa49870
Event: 16.232 Thread 0x0000027e6aa43c90 Thread exited: 0x0000027e6aa43c90
Event: 16.233 Thread 0x0000027e69094cd0 Thread exited: 0x0000027e69094cd0
Event: 16.233 Thread 0x0000027e6aa45d60 Thread exited: 0x0000027e6aa45d60
Event: 16.264 Thread 0x0000027e6908ea60 Thread added: 0x0000027e6908ea60
Event: 16.264 Thread 0x0000027e69093920 Thread added: 0x0000027e69093920
Event: 16.264 Thread 0x0000027e69093fb0 Thread added: 0x0000027e69093fb0
Event: 16.265 Thread 0x0000027e69094640 Thread added: 0x0000027e69094640
Event: 16.265 Thread 0x0000027e69094cd0 Thread added: 0x0000027e69094cd0
Event: 16.265 Thread 0x0000027e6908e3d0 Thread added: 0x0000027e6908e3d0
Event: 16.265 Thread 0x0000027e6aa5e410 Thread added: 0x0000027e6aa5e410
Event: 16.265 Thread 0x0000027e6aa5d6f0 Thread added: 0x0000027e6aa5d6f0
Event: 16.265 Thread 0x0000027e6aa5bcb0 Thread added: 0x0000027e6aa5bcb0
Event: 16.265 Thread 0x0000027e6aa5f130 Thread added: 0x0000027e6aa5f130
Event: 16.265 Thread 0x0000027e6aa61200 Thread added: 0x0000027e6aa61200
Event: 16.265 Thread 0x0000027e6aa61890 Thread added: 0x0000027e6aa61890
Event: 16.265 Thread 0x0000027e6aa5eaa0 Thread added: 0x0000027e6aa5eaa0
Event: 16.265 Thread 0x0000027e6aa60b70 Thread added: 0x0000027e6aa60b70
Event: 16.296 Thread 0x0000027e6aa5c340 Thread added: 0x0000027e6aa5c340
Event: 16.322 Thread 0x0000027e6aa5c340 Thread exited: 0x0000027e6aa5c340


Dynamic libraries:
0x00007ff7d2ca0000 - 0x00007ff7d2cae000 	C:\Users\mkoner\.jdks\openjdk-22.0.1\bin\java.exe
0x00007ff8ca5d0000 - 0x00007ff8ca7e7000 	C:\WINDOWS\SYSTEM32\ntdll.dll
0x00007ff8c97c0000 - 0x00007ff8c9884000 	C:\WINDOWS\System32\KERNEL32.DLL
0x00007ff8c7cf0000 - 0x00007ff8c8097000 	C:\WINDOWS\System32\KERNELBASE.dll
0x00007ff8c7a60000 - 0x00007ff8c7b71000 	C:\WINDOWS\System32\ucrtbase.dll
0x00007ff8b1ff0000 - 0x00007ff8b200b000 	C:\Users\mkoner\.jdks\openjdk-22.0.1\bin\VCRUNTIME140.dll
0x00007ff8b1cc0000 - 0x00007ff8b1cd7000 	C:\Users\mkoner\.jdks\openjdk-22.0.1\bin\jli.dll
0x00007ff8c92c0000 - 0x00007ff8c946e000 	C:\WINDOWS\System32\USER32.dll
0x00007ff8c81c0000 - 0x00007ff8c81e6000 	C:\WINDOWS\System32\win32u.dll
0x00007ff8b4db0000 - 0x00007ff8b5043000 	C:\WINDOWS\WinSxS\amd64_microsoft.windows.common-controls_6595b64144ccf1df_6.0.22621.3527_none_270e469b73872a76\COMCTL32.dll
0x00007ff8c8860000 - 0x00007ff8c8889000 	C:\WINDOWS\System32\GDI32.dll
0x00007ff8c9fd0000 - 0x00007ff8ca077000 	C:\WINDOWS\System32\msvcrt.dll
0x00007ff8c80a0000 - 0x00007ff8c81b9000 	C:\WINDOWS\System32\gdi32full.dll
0x00007ff8c8260000 - 0x00007ff8c82fa000 	C:\WINDOWS\System32\msvcp_win.dll
0x00007ff8ca180000 - 0x00007ff8ca1b1000 	C:\WINDOWS\System32\IMM32.DLL
0x00007ff8b8330000 - 0x00007ff8b833c000 	C:\Users\mkoner\.jdks\openjdk-22.0.1\bin\vcruntime140_1.dll
0x00007ff8a6900000 - 0x00007ff8a698e000 	C:\Users\mkoner\.jdks\openjdk-22.0.1\bin\msvcp140.dll
0x00007ff843fd0000 - 0x00007ff844d17000 	C:\Users\mkoner\.jdks\openjdk-22.0.1\bin\server\jvm.dll
0x00007ff8ca1c0000 - 0x00007ff8ca272000 	C:\WINDOWS\System32\ADVAPI32.dll
0x00007ff8c9670000 - 0x00007ff8c9718000 	C:\WINDOWS\System32\sechost.dll
0x00007ff8c7cc0000 - 0x00007ff8c7ce8000 	C:\WINDOWS\System32\bcrypt.dll
0x00007ff8c9eb0000 - 0x00007ff8c9fc5000 	C:\WINDOWS\System32\RPCRT4.dll
0x00007ff8c8360000 - 0x00007ff8c83d1000 	C:\WINDOWS\System32\WS2_32.dll
0x00007ff8c77b0000 - 0x00007ff8c77fd000 	C:\WINDOWS\SYSTEM32\POWRPROF.dll
0x00007ff8bcef0000 - 0x00007ff8bcefa000 	C:\WINDOWS\SYSTEM32\VERSION.dll
0x00007ff8bfcd0000 - 0x00007ff8bfd04000 	C:\WINDOWS\SYSTEM32\WINMM.dll
0x00007ff8c7790000 - 0x00007ff8c77a3000 	C:\WINDOWS\SYSTEM32\UMPDC.dll
0x00007ff8c6870000 - 0x00007ff8c6888000 	C:\WINDOWS\SYSTEM32\kernel.appcore.dll
0x00007ff8b82f0000 - 0x00007ff8b82fa000 	C:\Users\mkoner\.jdks\openjdk-22.0.1\bin\jimage.dll
0x00007ff8c5160000 - 0x00007ff8c5392000 	C:\WINDOWS\SYSTEM32\DBGHELP.DLL
0x00007ff8c9890000 - 0x00007ff8c9c18000 	C:\WINDOWS\System32\combase.dll
0x00007ff8c9490000 - 0x00007ff8c9567000 	C:\WINDOWS\System32\OLEAUT32.dll
0x00007ff8b0af0000 - 0x00007ff8b0b22000 	C:\WINDOWS\SYSTEM32\dbgcore.DLL
0x00007ff8c7b80000 - 0x00007ff8c7bf9000 	C:\WINDOWS\System32\bcryptPrimitives.dll
0x00007ff8b7f80000 - 0x00007ff8b7f8f000 	C:\Users\mkoner\.jdks\openjdk-22.0.1\bin\instrument.dll
0x00007ff8ac700000 - 0x00007ff8ac71e000 	C:\Users\mkoner\.jdks\openjdk-22.0.1\bin\java.dll
0x00007ff8c8890000 - 0x00007ff8c90ec000 	C:\WINDOWS\System32\SHELL32.dll
0x00007ff8c90f0000 - 0x00007ff8c9295000 	C:\WINDOWS\System32\ole32.dll
0x00007ff8c5830000 - 0x00007ff8c6126000 	C:\WINDOWS\SYSTEM32\windows.storage.dll
0x00007ff8c56f0000 - 0x00007ff8c582e000 	C:\WINDOWS\SYSTEM32\wintypes.dll
0x00007ff8c9570000 - 0x00007ff8c9665000 	C:\WINDOWS\System32\SHCORE.dll
0x00007ff8c8300000 - 0x00007ff8c835e000 	C:\WINDOWS\System32\shlwapi.dll
0x00007ff8c7820000 - 0x00007ff8c7841000 	C:\WINDOWS\SYSTEM32\profapi.dll
0x00007ff8ac6c0000 - 0x00007ff8ac6d7000 	C:\Users\mkoner\.jdks\openjdk-22.0.1\bin\zip.dll
0x00007ff8b8050000 - 0x00007ff8b8060000 	C:\Users\mkoner\.jdks\openjdk-22.0.1\bin\net.dll
0x00007ff8c6d80000 - 0x00007ff8c6de9000 	C:\WINDOWS\system32\mswsock.dll
0x00007ff8ac6e0000 - 0x00007ff8ac6f6000 	C:\Users\mkoner\.jdks\openjdk-22.0.1\bin\nio.dll
0x00007ff8a69e0000 - 0x00007ff8a69fa000 	C:\Users\mkoner\AppData\Local\Programs\IntelliJ IDEA Ultimate\bin\breakgen64.dll
0x00007ff8b6d50000 - 0x00007ff8b6d59000 	C:\Users\mkoner\.jdks\openjdk-22.0.1\bin\extnet.dll
0x00007ff8c6400000 - 0x00007ff8c64f8000 	C:\WINDOWS\SYSTEM32\DNSAPI.dll
0x00007ff8c63d0000 - 0x00007ff8c63fd000 	C:\WINDOWS\SYSTEM32\IPHLPAPI.DLL
0x00007ff8c97b0000 - 0x00007ff8c97b9000 	C:\WINDOWS\System32\NSI.dll
0x00007ff8b4d80000 - 0x00007ff8b4d8a000 	C:\Windows\System32\rasadhlp.dll
0x00007ff8bf880000 - 0x00007ff8bf903000 	C:\WINDOWS\System32\fwpuclnt.dll
0x00007ff8b77f0000 - 0x00007ff8b77fa000 	C:\Users\mkoner\.jdks\openjdk-22.0.1\bin\management.dll
0x00007ff8b72f0000 - 0x00007ff8b72fb000 	C:\Users\mkoner\.jdks\openjdk-22.0.1\bin\management_ext.dll
0x00007ff8c9720000 - 0x00007ff8c9728000 	C:\WINDOWS\System32\PSAPI.DLL
0x00007ff8c6fe0000 - 0x00007ff8c6ffb000 	C:\WINDOWS\SYSTEM32\CRYPTSP.dll
0x00007ff8c6890000 - 0x00007ff8c68c5000 	C:\WINDOWS\system32\rsaenh.dll
0x00007ff8c6e80000 - 0x00007ff8c6ea8000 	C:\WINDOWS\SYSTEM32\USERENV.dll
0x00007ff8c7000000 - 0x00007ff8c700c000 	C:\WINDOWS\SYSTEM32\CRYPTBASE.dll
0x00007ff8ab490000 - 0x00007ff8ab4a7000 	C:\WINDOWS\system32\napinsp.dll
0x00007ff8ab470000 - 0x00007ff8ab48b000 	C:\WINDOWS\system32\pnrpnsp.dll
0x00007ff8ab270000 - 0x00007ff8ab281000 	C:\WINDOWS\System32\winrnr.dll
0x00007ff8aafb0000 - 0x00007ff8aafc5000 	C:\WINDOWS\system32\wshbth.dll
0x00007ff8aaf80000 - 0x00007ff8aafa7000 	C:\WINDOWS\system32\nlansp_c.dll
0x00007ff8b6f50000 - 0x00007ff8b6f5e000 	C:\Users\mkoner\.jdks\openjdk-22.0.1\bin\sunmscapi.dll
0x00007ff8c78f0000 - 0x00007ff8c7a58000 	C:\WINDOWS\System32\CRYPT32.dll
0x00007ff8c71a0000 - 0x00007ff8c71ce000 	C:\WINDOWS\SYSTEM32\ncrypt.dll
0x00007ff8c7160000 - 0x00007ff8c7197000 	C:\WINDOWS\SYSTEM32\NTASN1.dll
0x00007ff8c1d60000 - 0x00007ff8c1d70000 	C:\Users\mkoner\.jdks\openjdk-22.0.1\bin\verify.dll

dbghelp: loaded successfully - version: 4.0.5 - missing functions: none
symbol engine: initialized successfully - sym options: 0x614 - pdb path: .;C:\Users\mkoner\.jdks\openjdk-22.0.1\bin;C:\WINDOWS\SYSTEM32;C:\WINDOWS\WinSxS\amd64_microsoft.windows.common-controls_6595b64144ccf1df_6.0.22621.3527_none_270e469b73872a76;C:\Users\mkoner\.jdks\openjdk-22.0.1\bin\server;C:\Users\mkoner\AppData\Local\Programs\IntelliJ IDEA Ultimate\bin

VM Arguments:
jvm_args: -XX:TieredStopAtLevel=1 -Dspring.output.ansi.enabled=always -Dcom.sun.management.jmxremote -Dspring.jmx.enabled=true -Dspring.liveBeansView.mbeanDomain -Dspring.application.admin.enabled=true -Dmanagement.endpoints.jmx.exposure.include=* -javaagent:C:\Users\mkoner\AppData\Local\Programs\IntelliJ IDEA Ultimate\lib\idea_rt.jar=51201:C:\Users\mkoner\AppData\Local\Programs\IntelliJ IDEA Ultimate\bin -Dfile.encoding=UTF-8 -Dsun.stdout.encoding=UTF-8 -Dsun.stderr.encoding=UTF-8 
java_command: attendanceProject.ProjectEaApplication
java_class_path (initial): D:\EA\EA-Project\AttendanceSystem\target\classes;C:\Users\mkoner\.m2\repository\com\microsoft\sqlserver\mssql-jdbc\9.4.1.jre8\mssql-jdbc-9.4.1.jre8.jar;C:\Users\mkoner\.m2\repository\org\springdoc\springdoc-openapi-starter-webmvc-ui\2.1.0\springdoc-openapi-starter-webmvc-ui-2.1.0.jar;C:\Users\mkoner\.m2\repository\org\springdoc\springdoc-openapi-starter-webmvc-api\2.1.0\springdoc-openapi-starter-webmvc-api-2.1.0.jar;C:\Users\mkoner\.m2\repository\org\springdoc\springdoc-openapi-starter-common\2.1.0\springdoc-openapi-starter-common-2.1.0.jar;C:\Users\mkoner\.m2\repository\io\swagger\core\v3\swagger-core-jakarta\2.2.9\swagger-core-jakarta-2.2.9.jar;C:\Users\mkoner\.m2\repository\org\apache\commons\commons-lang3\3.14.0\commons-lang3-3.14.0.jar;C:\Users\mkoner\.m2\repository\io\swagger\core\v3\swagger-annotations-jakarta\2.2.9\swagger-annotations-jakarta-2.2.9.jar;C:\Users\mkoner\.m2\repository\io\swagger\core\v3\swagger-models-jakarta\2.2.9\swagger-models-jakarta-2.2.9.jar;C:\Users\mkoner\.m2\repository\com\fasterxml\jackson\dataformat\jackson-dataformat-yaml\2.17.1\jackson-dataformat-yaml-2.17.1.jar;C:\Users\mkoner\.m2\repository\org\webjars\swagger-ui\4.18.2\swagger-ui-4.18.2.jar;C:\Users\mkoner\.m2\repository\com\fasterxml\jackson\core\jackson-databind\2.17.1\jackson-databind-2.17.1.jar;C:\Users\mkoner\.m2\repository\com\fasterxml\jackson\core\jackson-annotations\2.17.1\jackson-annotations-2.17.1.jar;C:\Users\mkoner\.m2\repository\com\fasterxml\jackson\core\jackson-core\2.17.1\jackson-core-2.17.1.jar;C:\Users\mkoner\.m2\repository\org\apache\poi\poi-ooxml\5.2.3\poi-ooxml-5.2.3.jar;C:\Users\mkoner\.m2\repository\org\apache\poi\poi\5.2.3\poi-5.2.3.jar;C:\Users\mkoner\.m2\repository\commons-codec\commons-codec\1.16.1\commons-codec-1.16.1.jar;C:\Users\mkoner\.m2\repository\org\apache\commons\commons-math3\3.6.1\commons-math3-3.6.1.jar;C:\Users\mkoner\.m2\repository\com\zaxxer\SparseBitSet\1.2\SparseBitSet-1.2.jar;C:\Users\mkoner\.m2\repository\org\apache\poi\poi-ooxml-lite\5.2.3\poi-ooxml-lite-5.2.3.jar;C:\Users\mkoner\.m2\repository\org\apache\xmlbeans\xmlbeans\5.1.1\xmlbeans-5.1.1.jar;C:\Users\mkoner\.m2\repository\org\apache\commons\commons-compress\1.21\commons-compress-1.21.jar;C:\Users\mkoner\.m2\repository\commons-io\commons-io\2.11.0\commons-io-2.11.0.jar;C:\Users\mkoner\.m2\repository\com\github\virtuald\curvesapi\1.07\curvesapi-1.07.jar;C:\Users\mkoner\.m2\repository\org\apache\logging\log4j\log4j-api\2.23.1\log4j-api-2.23.1.jar;C:\Users\mkoner\.m2\repository\org\apache\commons\commons-collections4\4.4\commons-collections4-4.4.jar;C:\Users\mkoner\.m2\repository\org\springframework\cloud\spring-cloud-starter-netflix-eureka-client\4.1.2\spring-cloud-starter-netflix-eureka-client-4.1.2.jar;C:\Users\mkoner\.m2\repository\org\springframework\cloud\spring-cloud-starter\4.1.3\spring-cloud-starter-4.1.3.jar;C:\Users\mkoner\.m2\repository\org\springframework\cloud\spring-cloud-context\4.1.3\spring-cloud-context-4.1.3.jar;C:\Users\mkoner\.m2\repository\org\springframework\security\spring-security-rsa\1.1.3\spring-security-rsa-1.1.3.jar;C:\Users\mkoner\.m2\repository\org\bouncycastle\bcprov-jdk18on\1.78\bcprov-jdk18on-1.78.jar;C:\Users\mkoner\.m2\repository\org\springframework\cloud\spring-cloud-netflix-eureka-client\4.1.2\spring-cloud-netflix-eureka-client-4.1.2.jar;C:\Users\mkoner\.m2\repository\org\apache\httpcomponents\client5\httpclient5\5.3.1\httpclient5-5.3.1.jar;C:\Users\mkoner\.m2\repository\org\apache\httpcomponents\core5\httpcore5\5.2.4\httpcore5-5.2.4.jar;C:\Users\mkoner\.m2\repository\org\apache\httpcomponents\core5\httpcore5-h2\5.2.4\httpcore5-h2-5.2.4.jar;C:\Users\mkoner\.m2\repository\com\netflix\eureka\eureka-client\2.0.2\eureka-client-2.0.2.jar;C:\Users\mkoner\.m2\repository\com\netflix\netflix-commons\netflix-eventbus\0.3.0\netflix-eventbus-0.3.0.jar;C:\Users\mkoner\.m2\repository\com\netflix\netflix-commons\netflix-infix\0.3.0\netflix-infix-0.3.0.jar;C:\Users\mkoner\.m2\repository\commons-jxpath\commons-jxpath\1.3\commons-jxpath-1.3.jar;C:\Users\mkoner\.m2\repository\joda-time\joda-time\2.3\joda-time-2.3.jar;C:\Users\mkoner\.m2\repository\org\antlr\antlr-runtime\3.4\antlr-runtime-3.4.jar;C:\Users\mkoner\.m2\repository\org\antlr\stringtemplate\3.2.1\stringtemplate-3.2.1.jar;C:\Users\mkoner\.m2\repository\antlr\antlr\2.7.7\antlr-2.7.7.jar;C:\Users\mkoner\.m2\repository\com\google\code\gson\gson\2.10.1\gson-2.10.1.jar;C:\Users\mkoner\.m2\repository\org\apache\commons\commons-math\2.2\commons-math-2.2.jar;C:\Users\mkoner\.m2\repository\com\thoughtworks\xstream\xstream\1.4.19\xstream-1.4.19.jar;C:\Users\mkoner\.m2\repository\io\github\x-stream\mxparser\1.2.2\mxparser-1.2.2.jar;C:\Users\mkoner\.m2\repository\xmlpull\xmlpull\1.1.3.1\xmlpull-1.1.3.1.jar;C:\Users\mkoner\.m2\repository\jakarta\ws\rs\jakarta.ws.rs-api\3.1.0\jakarta.ws.rs-api-3.1.0.jar;C:\Users\mkoner\.m2\repository\jakarta\inject\jakarta.inject-api\2.0.1\jakarta.inject-api-2.0.1.jar;C:\Users\mkoner\.m2\repository\jakarta\annotation\jakarta.annotation-api\2.1.1\jakarta.annotation-api-2.1.1.jar;C:\Users\mkoner\.m2\repository\com\netflix\servo\servo-core\0.12.21\servo-core-0.12.21.jar;C:\Users\mkoner\.m2\repository\com\google\guava\guava\19.0\guava-19.0.jar;C:\Users\mkoner\.m2\repository\org\apache\httpcomponents\httpclient\4.5.3\httpclient-4.5.3.jar;C:\Users\mkoner\.m2\repository\org\apache\httpcomponents\httpcore\4.4.16\httpcore-4.4.16.jar;C:\Users\mkoner\.m2\repository\commons-configuration\commons-configuration\1.10\commons-configuration-1.10.jar;C:\Users\mkoner\.m2\repository\org\codehaus\jettison\jettison\1.5.4\jettison-1.5.4.jar;C:\Users\mkoner\.m2\repository\com\netflix\eureka\eureka-core\2.0.2\eureka-core-2.0.2.jar;C:\Users\mkoner\.m2\repository\com\fasterxml\woodstox\woodstox-core\6.2.1\woodstox-core-6.2.1.jar;C:\Users\mkoner\.m2\repository\org\codehaus\woodstox\stax2-api\4.2.1\stax2-api-4.2.1.jar;C:\Users\mkoner\.m2\repository\org\springframework\cloud\spring-cloud-starter-loadbalancer\4.1.3\spring-cloud-starter-loadbalancer-4.1.3.jar;C:\Users\mkoner\.m2\repository\org\springframework\cloud\spring-cloud-loadbalancer\4.1.3\spring-cloud-loadbalancer-4.1.3.jar;C:\Users\mkoner\.m2\repository\io\projectreactor\addons\reactor-extra\3.5.1\reactor-extra-3.5.1.jar;C:\Users\mkoner\.m2\repository\org\springframework\boot\spring-boot-starter-cache\3.3.0\spring-boot-starter-cache-3.3.0.jar;C:\Users\mkoner\.m2\repository\org\springframework\spring-context-support\6.1.8\spring-context-support-6.1.8.jar;C:\Users\mkoner\.m2\repository\com\stoyanr\evictor\1.0.0\evictor-1.0.0.jar;C:\Users\mkoner\.m2\repository\org\springframework\cloud\spring-cloud-starter-openfeign\4.1.2\spring-cloud-starter-openfeign-4.1.2.jar;C:\Users\mkoner\.m2\repository\org\springframework\cloud\spring-cloud-openfeign-core\4.1.2\spring-cloud-openfeign-core-4.1.2.jar;C:\Users\mkoner\.m2\repository\org\springframework\boot\spring-boot-autoconfigure\3.3.0\spring-boot-autoconfigure-3.3.0.jar;C:\Users\mkoner\.m2\repository\io\github\openfeign\form\feign-form-spring\3.8.0\feign-form-spring-3.8.0.jar;C:\Users\mkoner\.m2\repository\io\github\openfeign\form\feign-form\3.8.0\feign-form-3.8.0.jar;C:\Users\mkoner\.m2\repository\commons-fileupload\commons-fileupload\1.5\commons-fileupload-1.5.jar;C:\Users\mkoner\.m2\repository\org\springframework\spring-web\6.1.8\spring-web-6.1.8.jar;C:\Users\mkoner\.m2\repository\org\springframework\spring-beans\6.1.8\spring-beans-6.1.8.jar;C:\Users\mkoner\.m2\repository\io\micrometer\micrometer-observation\1.13.0\micrometer-observation-1.13.0.jar;C:\Users\mkoner\.m2\repository\io\micrometer\micrometer-commons\1.13.0\micrometer-commons-1.13.0.jar;C:\Users\mkoner\.m2\repository\org\springframework\cloud\spring-cloud-commons\4.1.3\spring-cloud-commons-4.1.3.jar;C:\Users\mkoner\.m2\repository\org\springframework\security\spring-security-crypto\6.3.0\spring-security-crypto-6.3.0.jar;C:\Users\mkoner\.m2\repository\io\github\openfeign\feign-core\13.2.1\feign-core-13.2.1.jar;C:\Users\mkoner\.m2\repository\io\github\openfeign\feign-slf4j\13.2.1\feign-slf4j-13.2.1.jar;C:\Users\mkoner\.m2\repository\org\slf4j\slf4j-api\2.0.13\slf4j-api-2.0.13.jar;C:\Users\mkoner\.m2\repository\org\springframework\boot\spring-boot-starter-web\3.3.0\spring-boot-starter-web-3.3.0.jar;C:\Users\mkoner\.m2\repository\org\springframework\boot\spring-boot-starter\3.3.0\spring-boot-starter-3.3.0.jar;C:\Users\mkoner\.m2\repository\org\springframework\boot\spring-boot\3.3.0\spring-boot-3.3.0.jar;C:\Users\mkoner\.m2\repository\org\springframework\boot\spring-boot-starter-logging\3.3.0\spring-boot-starter-logging-3.3.0.jar;C:\Users\mkoner\.m2\repository\ch\qos\logback\logback-classic\1.5.6\logback-classic-1.5.6.jar;C:\Users\mkoner\.m2\repository\ch\qos\logback\logback-core\1.5.6\logback-core-1.5.6.jar;C:\Users\mkoner\.m2\repository\org\apache\logging\log4j\log4j-to-slf4j\2.23.1\log4j-to-slf4j-2.23.1.jar;C:\Users\mkoner\.m2\repository\org\slf4j\jul-to-slf4j\2.0.13\jul-to-slf4j-2.0.13.jar;C:\Users\mkoner\.m2\repository\org\yaml\snakeyaml\2.2\snakeyaml-2.2.jar;C:\Users\mkoner\.m2\repository\org\springframework\boot\spring-boot-starter-json\3.3.0\spring-boot-starter-json-3.3.0.jar;C:\Users\mkoner\.m2\repository\com\fasterxml\jackson\datatype\jackson-datatype-jdk8\2.17.1\jackson-datatype-jdk8-2.17.1.jar;C:\Users\mkoner\.m2\repository\com\fasterxml\jackson\datatype\jackson-datatype-jsr310\2.17.1\jackson-datatype-jsr310-2.17.1.jar;C:\Users\mkoner\.m2\repository\com\fasterxml\jackson\module\jackson-module-parameter-names\2.17.1\jackson-module-parameter-names-2.17.1.jar;C:\Users\mkoner\.m2\repository\org\springframework\boot\spring-boot-starter-tomcat\3.3.0\spring-boot-starter-tomcat-3.3.0.jar;C:\Users\mkoner\.m2\repository\org\apache\tomcat\embed\tomcat-embed-core\10.1.24\tomcat-embed-core-10.1.24.jar;C:\Users\mkoner\.m2\repository\org\apache\tomcat\embed\tomcat-embed-websocket\10.1.24\tomcat-embed-websocket-10.1.24.jar;C:\Users\mkoner\.m2\repository\org\springframework\spring-webmvc\6.1.8\spring-webmvc-6.1.8.jar;C:\Users\mkoner\.m2\repository\org\springframework\spring-aop\6.1.8\spring-aop-6.1.8.jar;C:\Users\mkoner\.m2\repository\org\springframework\spring-context\6.1.8\spring-context-6.1.8.jar;C:\Users\mkoner\.m2\repository\org\springframework\spring-expression\6.1.8\spring-expression-6.1.8.jar;C:\Users\mkoner\.m2\repository\org\springdoc\springdoc-openapi-ui\1.6.14\springdoc-openapi-ui-1.6.14.jar;C:\Users\mkoner\.m2\repository\org\springdoc\springdoc-openapi-webmvc-core\1.6.14\springdoc-openapi-webmvc-core-1.6.14.jar;C:\Users\mkoner\.m2\repository\org\springdoc\springdoc-openapi-common\1.6.14\springdoc-openapi-common-1.6.14.jar;C:\Users\mkoner\.m2\repository\io\swagger\core\v3\swagger-core\2.2.7\swagger-core-2.2.7.jar;C:\Users\mkoner\.m2\repository\io\swagger\core\v3\swagger-annotations\2.2.7\swagger-annotations-2.2.7.jar;C:\Users\mkoner\.m2\repository\io\swagger\core\v3\swagger-models\2.2.7\swagger-models-2.2.7.jar;C:\Users\mkoner\.m2\repository\org\webjars\webjars-locator-core\0.58\webjars-locator-core-0.58.jar;C:\Users\mkoner\.m2\repository\io\github\classgraph\classgraph\4.8.149\classgraph-4.8.149.jar;C:\Users\mkoner\.m2\repository\javax\servlet\javax.servlet-api\3.1.0\javax.servlet-api-3.1.0.jar;C:\Users\mkoner\.m2\repository\org\springframework\boot\spring-boot-starter-webflux\3.3.0\spring-boot-starter-webflux-3.3.0.jar;C:\Users\mkoner\.m2\repository\org\springframework\boot\spring-boot-starter-reactor-netty\3.3.0\spring-boot-starter-reactor-netty-3.3.0.jar;C:\Users\mkoner\.m2\repository\io\projectreactor\netty\reactor-netty-http\1.1.19\reactor-netty-http-1.1.19.jar;C:\Users\mkoner\.m2\repository\io\netty\netty-codec-http\4.1.110.Final\netty-codec-http-4.1.110.Final.jar;C:\Users\mkoner\.m2\repository\io\netty\netty-common\4.1.110.Final\netty-common-4.1.110.Final.jar;C:\Users\mkoner\.m2\repository\io\netty\netty-buffer\4.1.110.Final\netty-buffer-4.1.110.Final.jar;C:\Users\mkoner\.m2\repository\io\netty\netty-transport\4.1.110.Final\netty-transport-4.1.110.Final.jar;C:\Users\mkoner\.m2\repository\io\netty\netty-codec\4.1.110.Final\netty-codec-4.1.110.Final.jar;C:\Users\mkoner\.m2\repository\io\netty\netty-handler\4.1.110.Final\netty-handler-4.1.110.Final.jar;C:\Users\mkoner\.m2\repository\io\netty\netty-codec-http2\4.1.110.Final\netty-codec-http2-4.1.110.Final.jar;C:\Users\mkoner\.m2\repository\io\netty\netty-resolver-dns\4.1.110.Final\netty-resolver-dns-4.1.110.Final.jar;C:\Users\mkoner\.m2\repository\io\netty\netty-resolver\4.1.110.Final\netty-resolver-4.1.110.Final.jar;C:\Users\mkoner\.m2\repository\io\netty\netty-codec-dns\4.1.110.Final\netty-codec-dns-4.1.110.Final.jar;C:\Users\mkoner\.m2\repository\io\netty\netty-resolver-dns-native-macos\4.1.110.Final\netty-resolver-dns-native-macos-4.1.110.Final-osx-x86_64.jar;C:\Users\mkoner\.m2\repository\io\netty\netty-resolver-dns-classes-macos\4.1.110.Final\netty-resolver-dns-classes-macos-4.1.110.Final.jar;C:\Users\mkoner\.m2\repository\io\netty\netty-transport-native-epoll\4.1.110.Final\netty-transport-native-epoll-4.1.110.Final-linux-x86_64.jar;C:\Users\mkoner\.m2\repository\io\netty\netty-transport-native-unix-common\4.1.110.Final\netty-transport-native-unix-common-4.1.110.Final.jar;C:\Users\mkoner\.m2\repository\io\netty\netty-transport-classes-epoll\4.1.110.Final\netty-transport-classes-epoll-4.1.110.Final.jar;C:\Users\mkoner\.m2\repository\io\projectreactor\netty\reactor-netty-core\1.1.19\reactor-netty-core-1.1.19.jar;C:\Users\mkoner\.m2\repository\io\netty\netty-handler-proxy\4.1.110.Final\netty-handler-proxy-4.1.110.Final.jar;C:\Users\mkoner\.m2\repository\io\netty\netty-codec-socks\4.1.110.Final\netty-codec-socks-4.1.110.Final.jar;C:\Users\mkoner\.m2\repository\org\springframework\spring-webflux\6.1.8\spring-webflux-6.1.8.jar;C:\Users\mkoner\.m2\repository\io\projectreactor\reactor-core\3.6.6\reactor-core-3.6.6.jar;C:\Users\mkoner\.m2\repository\org\reactivestreams\reactive-streams\1.0.4\reactive-streams-1.0.4.jar;C:\Users\mkoner\.m2\repository\org\springframework\boot\spring-boot-starter-data-jpa\3.3.0\spring-boot-starter-data-jpa-3.3.0.jar;C:\Users\mkoner\.m2\repository\org\springframework\boot\spring-boot-starter-aop\3.3.0\spring-boot-starter-aop-3.3.0.jar;C:\Users\mkoner\.m2\repository\org\aspectj\aspectjweaver\1.9.22\aspectjweaver-1.9.22.jar;C:\Users\mkoner\.m2\repository\org\springframework\boot\spring-boot-starter-jdbc\3.3.0\spring-boot-starter-jdbc-3.3.0.jar;C:\Users\mkoner\.m2\repository\com\zaxxer\HikariCP\5.1.0\HikariCP-5.1.0.jar;C:\Users\mkoner\.m2\repository\org\springframework\spring-jdbc\6.1.8\spring-jdbc-6.1.8.jar;C:\Users\mkoner\.m2\repository\org\hibernate\orm\hibernate-core\6.5.2.Final\hibernate-core-6.5.2.Final.jar;C:\Users\mkoner\.m2\repository\jakarta\persistence\jakarta.persistence-api\3.1.0\jakarta.persistence-api-3.1.0.jar;C:\Users\mkoner\.m2\repository\jakarta\transaction\jakarta.transaction-api\2.0.1\jakarta.transaction-api-2.0.1.jar;C:\Users\mkoner\.m2\repository\org\jboss\logging\jboss-logging\3.5.3.Final\jboss-logging-3.5.3.Final.jar;C:\Users\mkoner\.m2\repository\org\hibernate\common\hibernate-commons-annotations\6.0.6.Final\hibernate-commons-annotations-6.0.6.Final.jar;C:\Users\mkoner\.m2\repository\io\smallrye\jandex\3.1.2\jandex-3.1.2.jar;C:\Users\mkoner\.m2\repository\com\fasterxml\classmate\1.7.0\classmate-1.7.0.jar;C:\Users\mkoner\.m2\repository\org\glassfish\jaxb\jaxb-runtime\4.0.5\jaxb-runtime-4.0.5.jar;C:\Users\mkoner\.m2\repository\org\glassfish\jaxb\jaxb-core\4.0.5\jaxb-core-4.0.5.jar;C:\Users\mkoner\.m2\repository\org\eclipse\angus\angus-activation\2.0.2\angus-activation-2.0.2.jar;C:\Users\mkoner\.m2\repository\org\glassfish\jaxb\txw2\4.0.5\txw2-4.0.5.jar;C:\Users\mkoner\.m2\repository\com\sun\istack\istack-commons-runtime\4.1.2\istack-commons-runtime-4.1.2.jar;C:\Users\mkoner\.m2\repository\org\antlr\antlr4-runtime\4.13.0\antlr4-runtime-4.13.0.jar;C:\Users\mkoner\.m2\repository\org\springframework\data\spring-data-jpa\3.3.0\spring-data-jpa-3.3.0.jar;C:\Users\mkoner\.m2\repository\org\springframework\data\spring-data-commons\3.3.0\spring-data-commons-3.3.0.jar;C:\Users\mkoner\.m2\repository\org\springframework\spring-orm\6.1.8\spring-orm-6.1.8.jar;C:\Users\mkoner\.m2\repository\org\springframework\spring-tx\6.1.8\spring-tx-6.1.8.jar;C:\Users\mkoner\.m2\repository\org\springframework\spring-aspects\6.1.8\spring-aspects-6.1.8.jar;C:\Users\mkoner\.m2\repository\org\springframework\boot\spring-boot-starter-validation\3.3.0\spring-boot-starter-validation-3.3.0.jar;C:\Users\mkoner\.m2\repository\org\apache\tomcat\embed\tomcat-embed-el\10.1.24\tomcat-embed-el-10.1.24.jar;C:\Users\mkoner\.m2\repository\org\hibernate\validator\hibernate-validator\8.0.1.Final\hibernate-validator-8.0.1.Final.jar;C:\Users\mkoner\.m2\repository\jakarta\validation\jakarta.validation-api\3.0.2\jakarta.validation-api-3.0.2.jar;C:\Users\mkoner\.m2\repository\com\h2database\h2\2.2.224\h2-2.2.224.jar;C:\Users\mkoner\.m2\repository\com\mysql\mysql-connector-j\8.3.0\mysql-connector-j-8.3.0.jar;C:\Users\mkoner\.m2\repository\jakarta\xml\bind\jakarta.xml.bind-api\4.0.2\jakarta.xml.bind-api-4.0.2.jar;C:\Users\mkoner\.m2\repository\jakarta\activation\jakarta.activation-api\2.1.3\jakarta.activation-api-2.1.3.jar;C:\Users\mkoner\.m2\repository\org\springframework\spring-core\6.1.8\spring-core-6.1.8.jar;C:\Users\mkoner\.m2\repository\org\springframework\spring-jcl\6.1.8\spring-jcl-6.1.8.jar;C:\Users\mkoner\.m2\repository\org\projectlombok\lombok\1.18.32\lombok-1.18.32.jar;C:\Users\mkoner\.m2\repository\org\jacoco\jacoco-maven-plugin\0.8.12\jacoco-maven-plugin-0.8.12.jar;C:\Users\mkoner\.m2\repository\org\codehaus\plexus\plexus-utils\3.0.24\plexus-utils-3.0.24.jar;C:\Users\mkoner\.m2\repository\org\apache\maven\shared\file-management\3.1.0\file-management-3.1.0.jar;C:\Users\mkoner\.m2\repository\org\apache\maven\reporting\maven-reporting-api\3.0\maven-reporting-api-3.0.jar;C:\Users\mkoner\.m2\repository\org\apache\maven\doxia\doxia-sink-api\1.0\doxia-sink-api-1.0.jar;C:\Users\mkoner\.m2\repository\org\jacoco\org.jacoco.agent\0.8.12\org.jacoco.agent-0.8.12-runtime.jar;C:\Users\mkoner\.m2\repository\org\jacoco\org.jacoco.core\0.8.12\org.jacoco.core-0.8.12.jar;C:\Users\mkoner\.m2\repository\org\ow2\asm\asm-commons\9.7\asm-commons-9.7.jar;C:\Users\mkoner\.m2\repository\org\ow2\asm\asm-tree\9.7\asm-tree-9.7.jar;C:\Users\mkoner\.m2\repository\org\jacoco\org.jacoco.report\0.8.12\org.jacoco.report-0.8.12.jar;C:\Users\mkoner\.m2\repository\net\bytebuddy\byte-buddy\1.14.16\byte-buddy-1.14.16.jar;C:\Users\mkoner\.m2\repository\org\ow2\asm\asm\9.7\asm-9.7.jar;C:\Users\mkoner\.m2\repository\org\sonarsource\scanner\maven\sonar-maven-plugin\4.0.0.4121\sonar-maven-plugin-4.0.0.4121.jar;C:\Users\mkoner\.m2\repository\org\sonatype\plexus\plexus-sec-dispatcher\1.4\plexus-sec-dispatcher-1.4.jar;C:\Users\mkoner\.m2\repository\org\sonatype\plexus\plexus-cipher\1.4\plexus-cipher-1.4.jar;C:\Users\mkoner\.m2\repository\org\sonarsource\scanner\api\sonar-scanner-api\2.16.3.1081\sonar-scanner-api-2.16.3.1081.jar;C:\Users\mkoner\.m2\repository\commons-lang\commons-lang\2.6\commons-lang-2.6.jar
Launcher Type: SUN_STANDARD

[Global flags]
     intx CICompilerCount                          = 4                                         {product} {ergonomic}
     uint ConcGCThreads                            = 2                                         {product} {ergonomic}
     uint G1ConcRefinementThreads                  = 8                                         {product} {ergonomic}
   size_t G1HeapRegionSize                         = 1048576                                   {product} {ergonomic}
   size_t InitialHeapSize                          = 130023424                                 {product} {ergonomic}
     bool ManagementServer                         = true                                      {product} {command line}
   size_t MarkStackSize                            = 4194304                                   {product} {ergonomic}
   size_t MaxHeapSize                              = 2080374784                                {product} {ergonomic}
   size_t MaxNewSize                               = 1247805440                                {product} {ergonomic}
   size_t MinHeapDeltaBytes                        = 1048576                                   {product} {ergonomic}
   size_t MinHeapSize                              = 8388608                                   {product} {ergonomic}
    uintx NonNMethodCodeHeapSize                   = 4096                                   {pd product} {ergonomic}
    uintx NonProfiledCodeHeapSize                  = 0                                      {pd product} {ergonomic}
     bool ProfileInterpreter                       = false                                  {pd product} {command line}
    uintx ProfiledCodeHeapSize                     = 0                                      {pd product} {ergonomic}
   size_t SoftMaxHeapSize                          = 2080374784                             {manageable} {ergonomic}
     intx TieredStopAtLevel                        = 1                                         {product} {command line}
     bool UseCompressedOops                        = true                           {product lp64_product} {ergonomic}
     bool UseG1GC                                  = true                                      {product} {ergonomic}
     bool UseLargePagesIndividualAllocation        = false                                  {pd product} {ergonomic}

Logging:
Log output configuration:
 #0: stdout all=warning uptime,level,tags foldmultilines=false
 #1: stderr all=off uptime,level,tags foldmultilines=false

Environment Variables:
JAVA_HOME=C:\Program Files\Java\jdk-20
PATH=C:\Program Files\Common Files\Oracle\Java\javapath;C:\Program Files (x86)\Common Files\Oracle\Java\java8path;C:\Program Files (x86)\Common Files\Oracle\Java\javapath;C:\WINDOWS\system32;C:\WINDOWS;C:\WINDOWS\System32\Wbem;C:\WINDOWS\System32\WindowsPowerShell\v1.0\;C:\WINDOWS\System32\OpenSSH\;C:\Program Files\nodejs\;C:\Program Files\Git\cmd;C:\Program Files\Cloudflare\Cloudflare WARP\;C:\Program Files\spark\bin;C:\Program Files\apache-maven\bin;C:\Program Files\Java\jdk-20\bin;C:\Users\mkoner\AppData\Local\Programs\Python\Python311\Scripts\;C:\Users\mkoner\AppData\Local\Programs\Python\Python311\;C:\Program Files\MySQL\MySQL Shell 8.0\bin\;C:\Users\mkoner\AppData\Local\Microsoft\WindowsApps;C:\Users\mkoner\AppData\Local\JetBrains\Toolbox\scripts;C:\Users\mkoner\AppData\Local\Programs\Microsoft VS Code\bin;C:\Users\mkoner\AppData\Roaming\npm;C:\Users\mkoner\AppData\Local\Coursier\data\bin
USERNAME=mkoner
OS=Windows_NT
PROCESSOR_IDENTIFIER=Intel64 Family 6 Model 126 Stepping 5, GenuineIntel
TMP=C:\Users\mkoner\AppData\Local\Temp
TEMP=C:\Users\mkoner\AppData\Local\Temp




Periodic native trim disabled

---------------  S Y S T E M  ---------------

OS:
 Windows 11 , 64 bit Build 22621 (10.0.22621.3527)
OS uptime: 19 days 3:35 hours

CPU: total 8 (initial active 8) (4 cores per cpu, 2 threads per core) family 6 model 126 stepping 5 microcode 0xa0, cx8, cmov, fxsr, ht, mmx, 3dnowpref, sse, sse2, sse3, ssse3, sse4.1, sse4.2, popcnt, lzcnt, tsc, tscinvbit, avx, avx2, aes, erms, clmul, bmi1, bmi2, adx, avx512f, avx512dq, avx512cd, avx512bw, avx512vl, sha, fma, vzeroupper, avx512_vpopcntdq, avx512_vpclmulqdq, avx512_vaes, avx512_vnni, clflush, clflushopt, avx512_vbmi2, avx512_vbmi, rdtscp, rdpid, fsrm, gfni, avx512_bitalg, f16c, pku, avx512_ifma
Processor Information for all 8 processors :
  Max Mhz: 1201, Current Mhz: 1201, Mhz Limit: 1201

Memory: 4k page, system-wide physical 7932M (521M free)
TotalPageFile size 19932M (AvailPageFile size 36M)
current process WorkingSet (physical memory assigned to process): 290M, peak: 290M
current process commit charge ("private bytes"): 366M, peak: 434M

vm_info: OpenJDK 64-Bit Server VM (22.0.1+8-16) for windows-amd64 JRE (22.0.1+8-16), built on 2024-03-12T10:33:16Z by "mach5one" with MS VC++ 17.6 (VS2022)

END.
